# JRE version: Java(TM) SE Runtime Environment (8.0_231-b11) (build 1.8.0_231-b11)
# Java VM: Java HotSpot(TM) 64-Bit Server VM (25.231-b11 mixed mode windows-amd64 compressed oops)
Heap:
 PSYoungGen      total 88576K, used 80992K [0x0000000782f00000, 0x0000000789780000, 0x00000007c0000000)
  eden space 80896K, 100% used [0x0000000782f00000,0x0000000787e00000,0x0000000787e00000)
  from space 7680K, 1% used [0x0000000788580000,0x0000000788598000,0x0000000788d00000)
  to   space 7680K, 1% used [0x0000000787e00000,0x0000000787e18000,0x0000000788580000)
 ParOldGen       total 52224K, used 9029K [0x0000000708c00000, 0x000000070bf00000, 0x0000000782f00000)
  object space 52224K, 17% used [0x0000000708c00000,0x00000007094d14c8,0x000000070bf00000)
 Metaspace       used 20010K, capacity 20298K, committed 20608K, reserved 1069056K
  class space    used 2533K, capacity 2595K, committed 2688K, reserved 1048576K
GC Heap History (10 events):
Event: 162.145 GC heap before
{Heap before GC invocations=6 (full 1):
 PSYoungGen      total 88576K, used 85240K [0x0000000782f00000, 0x0000000789780000, 0x00000007c0000000)
  eden space 80896K, 100% used [0x0000000782f00000,0x0000000787e00000,0x0000000787e00000)
  from space 7680K, 56% used [0x0000000788580000,0x00000007889be108,0x0000000788d00000)
  to   space 7680K, 0% used [0x0000000787e00000,0x0000000787e00000,0x0000000788580000)
 ParOldGen       total 52224K, used 4662K [0x0000000708c00000, 0x000000070bf00000, 0x0000000782f00000)
  object space 52224K, 8% used [0x0000000708c00000,0x000000070908d8c0,0x000000070bf00000)
 Metaspace       used 19826K, capacity 20106K, committed 20608K, reserved 1069056K
  class space    used 2517K, capacity 2595K, committed 2688K, reserved 1048576K
Event: 162.155 GC heap after
Heap after GC invocations=6 (full 1):
 PSYoungGen      total 88576K, used 4316K [0x0000000782f00000, 0x0000000789780000, 0x00000007c0000000)
  eden space 80896K, 0% used [0x0000000782f00000,0x0000000782f00000,0x0000000787e00000)
  from space 7680K, 56% used [0x0000000787e00000,0x0000000788237360,0x0000000788580000)
  to   space 7680K, 0% used [0x0000000788580000,0x0000000788580000,0x0000000788d00000)
 ParOldGen       total 52224K, used 4670K [0x0000000708c00000, 0x000000070bf00000, 0x0000000782f00000)
  object space 52224K, 8% used [0x0000000708c00000,0x000000070908f8c0,0x000000070bf00000)
 Metaspace       used 19826K, capacity 20106K, committed 20608K, reserved 1069056K
  class space    used 2517K, capacity 2595K, committed 2688K, reserved 1048576K
}
Event: 162.286 GC heap before
{Heap before GC invocations=7 (full 1):
 PSYoungGen      total 88576K, used 85212K [0x0000000782f00000, 0x0000000789780000, 0x00000007c0000000)
  eden space 80896K, 100% used [0x0000000782f00000,0x0000000787e00000,0x0000000787e00000)
  from space 7680K, 56% used [0x0000000787e00000,0x0000000788237360,0x0000000788580000)
  to   space 7680K, 0% used [0x0000000788580000,0x0000000788580000,0x0000000788d00000)
 ParOldGen       total 52224K, used 4670K [0x0000000708c00000, 0x000000070bf00000, 0x0000000782f00000)
  object space 52224K, 8% used [0x0000000708c00000,0x000000070908f8c0,0x000000070bf00000)
 Metaspace       used 19888K, capacity 20170K, committed 20608K, reserved 1069056K
  class space    used 2520K, capacity 2595K, committed 2688K, reserved 1048576K
Event: 162.305 GC heap after
Heap after GC invocations=7 (full 1):
 PSYoungGen      total 88576K, used 4332K [0x0000000782f00000, 0x0000000789780000, 0x00000007c0000000)
  eden space 80896K, 0% used [0x0000000782f00000,0x0000000782f00000,0x0000000787e00000)
  from space 7680K, 56% used [0x0000000788580000,0x00000007889bb350,0x0000000788d00000)
  to   space 7680K, 0% used [0x0000000787e00000,0x0000000787e00000,0x0000000788580000)
 ParOldGen       total 52224K, used 4678K [0x0000000708c00000, 0x000000070bf00000, 0x0000000782f00000)
  object space 52224K, 8% used [0x0000000708c00000,0x00000007090918c0,0x000000070bf00000)
 Metaspace       used 19888K, capacity 20170K, committed 20608K, reserved 1069056K
  class space    used 2520K, capacity 2595K, committed 2688K, reserved 1048576K
}
Event: 162.460 GC heap before
{Heap before GC invocations=8 (full 1):
 PSYoungGen      total 88576K, used 85228K [0x0000000782f00000, 0x0000000789780000, 0x00000007c0000000)
  eden space 80896K, 100% used [0x0000000782f00000,0x0000000787e00000,0x0000000787e00000)
  from space 7680K, 56% used [0x0000000788580000,0x00000007889bb350,0x0000000788d00000)
  to   space 7680K, 0% used [0x0000000787e00000,0x0000000787e00000,0x0000000788580000)
 ParOldGen       total 52224K, used 4678K [0x0000000708c00000, 0x000000070bf00000, 0x0000000782f00000)
  object space 52224K, 8% used [0x0000000708c00000,0x00000007090918c0,0x000000070bf00000)
 Metaspace       used 19987K, capacity 20234K, committed 20608K, reserved 1069056K
  class space    used 2533K, capacity 2595K, committed 2688K, reserved 1048576K
Event: 162.471 GC heap after
Heap after GC invocations=8 (full 1):
 PSYoungGen      total 88576K, used 160K [0x0000000782f00000, 0x0000000789780000, 0x00000007c0000000)
  eden space 80896K, 0% used [0x0000000782f00000,0x0000000782f00000,0x0000000787e00000)
  from space 7680K, 2% used [0x0000000787e00000,0x0000000787e28000,0x0000000788580000)
  to   space 7680K, 0% used [0x0000000788580000,0x0000000788580000,0x0000000788d00000)
 ParOldGen       total 52224K, used 8909K [0x0000000708c00000, 0x000000070bf00000, 0x0000000782f00000)
  object space 52224K, 17% used [0x0000000708c00000,0x00000007094b34c8,0x000000070bf00000)
 Metaspace       used 19987K, capacity 20234K, committed 20608K, reserved 1069056K
  class space    used 2533K, capacity 2595K, committed 2688K, reserved 1048576K
}
Event: 162.636 GC heap before
{Heap before GC invocations=9 (full 1):
 PSYoungGen      total 88576K, used 81056K [0x0000000782f00000, 0x0000000789780000, 0x00000007c0000000)
  eden space 80896K, 100% used [0x0000000782f00000,0x0000000787e00000,0x0000000787e00000)
  from space 7680K, 2% used [0x0000000787e00000,0x0000000787e28000,0x0000000788580000)
  to   space 7680K, 0% used [0x0000000788580000,0x0000000788580000,0x0000000788d00000)
 ParOldGen       total 52224K, used 8909K [0x0000000708c00000, 0x000000070bf00000, 0x0000000782f00000)
  object space 52224K, 17% used [0x0000000708c00000,0x00000007094b34c8,0x000000070bf00000)
 Metaspace       used 20004K, capacity 20298K, committed 20608K, reserved 1069056K
  class space    used 2533K, capacity 2595K, committed 2688K, reserved 1048576K
Event: 162.642 GC heap after
Heap after GC invocations=9 (full 1):
 PSYoungGen      total 88576K, used 160K [0x0000000782f00000, 0x0000000789780000, 0x00000007c0000000)
  eden space 80896K, 0% used [0x0000000782f00000,0x0000000782f00000,0x0000000787e00000)
  from space 7680K, 2% used [0x0000000788580000,0x00000007885a8000,0x0000000788d00000)
  to   space 7680K, 0% used [0x0000000787e00000,0x0000000787e00000,0x0000000788580000)
 ParOldGen       total 52224K, used 8933K [0x0000000708c00000, 0x000000070bf00000, 0x0000000782f00000)
  object space 52224K, 17% used [0x0000000708c00000,0x00000007094b94c8,0x000000070bf00000)
 Metaspace       used 20004K, capacity 20298K, committed 20608K, reserved 1069056K
  class space    used 2533K, capacity 2595K, committed 2688K, reserved 1048576K
}
Event: 162.740 GC heap before
{Heap before GC invocations=10 (full 1):
 PSYoungGen      total 88576K, used 81056K [0x0000000782f00000, 0x0000000789780000, 0x00000007c0000000)
  eden space 80896K, 100% used [0x0000000782f00000,0x0000000787e00000,0x0000000787e00000)
  from space 7680K, 2% used [0x0000000788580000,0x00000007885a8000,0x0000000788d00000)
  to   space 7680K, 0% used [0x0000000787e00000,0x0000000787e00000,0x0000000788580000)
 ParOldGen       total 52224K, used 8933K [0x0000000708c00000, 0x000000070bf00000, 0x0000000782f00000)
  object space 52224K, 17% used [0x0000000708c00000,0x00000007094b94c8,0x000000070bf00000)
 Metaspace       used 20004K, capacity 20298K, committed 20608K, reserved 1069056K
  class space    used 2533K, capacity 2595K, committed 2688K, reserved 1048576K
Event: 162.741 GC heap after
Heap after GC invocations=10 (full 1):
 PSYoungGen      total 88576K, used 128K [0x0000000782f00000, 0x0000000789780000, 0x00000007c0000000)
  eden space 80896K, 0% used [0x0000000782f00000,0x0000000782f00000,0x0000000787e00000)
  from space 7680K, 1% used [0x0000000787e00000,0x0000000787e20000,0x0000000788580000)
  to   space 7680K, 0% used [0x0000000788580000,0x0000000788580000,0x0000000788d00000)
 ParOldGen       total 52224K, used 8965K [0x0000000708c00000, 0x000000070bf00000, 0x0000000782f00000)
  object space 52224K, 17% used [0x0000000708c00000,0x00000007094c14c8,0x000000070bf00000)
 Metaspace       used 20004K, capacity 20298K, committed 20608K, reserved 1069056K
  class space    used 2533K, capacity 2595K, committed 2688K, reserved 1048576K
}

