# JRE version: Java(TM) SE Runtime Environment (8.0_231-b11) (build 1.8.0_231-b11)
# Java VM: Java HotSpot(TM) 64-Bit Server VM (25.231-b11 mixed mode windows-amd64 compressed oops)
Heap:
 PSYoungGen      total 974848K, used 193212K [0x0000000782f00000, 0x00000007bf300000, 0x00000007c0000000)
  eden space 962560K, 20% used [0x0000000782f00000,0x000000078eb97210,0x00000007bdb00000)
  from space 12288K, 0% used [0x00000007be700000,0x00000007be718000,0x00000007bf300000)
  to   space 12288K, 0% used [0x00000007bdb00000,0x00000007bdb00000,0x00000007be700000)
 ParOldGen       total 125952K, used 9487K [0x0000000708c00000, 0x0000000710700000, 0x0000000782f00000)
  object space 125952K, 7% used [0x0000000708c00000,0x0000000709543f50,0x0000000710700000)
 Metaspace       used 19596K, capacity 19874K, committed 20352K, reserved 1067008K
  class space    used 2472K, capacity 2563K, committed 2688K, reserved 1048576K
GC Heap History (10 events):
Event: 28.753 GC heap before
{Heap before GC invocations=9 (full 0):
 PSYoungGen      total 387584K, used 376448K [0x0000000782f00000, 0x000000079b600000, 0x00000007c0000000)
  eden space 376320K, 100% used [0x0000000782f00000,0x0000000799e80000,0x0000000799e80000)
  from space 11264K, 1% used [0x000000079aa00000,0x000000079aa20000,0x000000079b500000)
  to   space 11776K, 0% used [0x0000000799e80000,0x0000000799e80000,0x000000079aa00000)
 ParOldGen       total 125952K, used 9343K [0x0000000708c00000, 0x0000000710700000, 0x0000000782f00000)
  object space 125952K, 7% used [0x0000000708c00000,0x000000070951ff50,0x0000000710700000)
 Metaspace       used 19469K, capacity 19746K, committed 20096K, reserved 1067008K
  class space    used 2472K, capacity 2563K, committed 2688K, reserved 1048576K
Event: 28.757 GC heap after
Heap after GC invocations=9 (full 0):
 PSYoungGen      total 388096K, used 96K [0x0000000782f00000, 0x00000007a9300000, 0x00000007c0000000)
  eden space 376320K, 0% used [0x0000000782f00000,0x0000000782f00000,0x0000000799e80000)
  from space 11776K, 0% used [0x0000000799e80000,0x0000000799e98000,0x000000079aa00000)
  to   space 12288K, 0% used [0x00000007a8700000,0x00000007a8700000,0x00000007a9300000)
 ParOldGen       total 125952K, used 9383K [0x0000000708c00000, 0x0000000710700000, 0x0000000782f00000)
  object space 125952K, 7% used [0x0000000708c00000,0x0000000709529f50,0x0000000710700000)
 Metaspace       used 19469K, capacity 19746K, committed 20096K, reserved 1067008K
  class space    used 2472K, capacity 2563K, committed 2688K, reserved 1048576K
}
Event: 29.104 GC heap before
{Heap before GC invocations=10 (full 0):
 PSYoungGen      total 388096K, used 376416K [0x0000000782f00000, 0x00000007a9300000, 0x00000007c0000000)
  eden space 376320K, 100% used [0x0000000782f00000,0x0000000799e80000,0x0000000799e80000)
  from space 11776K, 0% used [0x0000000799e80000,0x0000000799e98000,0x000000079aa00000)
  to   space 12288K, 0% used [0x00000007a8700000,0x00000007a8700000,0x00000007a9300000)
 ParOldGen       total 125952K, used 9383K [0x0000000708c00000, 0x0000000710700000, 0x0000000782f00000)
  object space 125952K, 7% used [0x0000000708c00000,0x0000000709529f50,0x0000000710700000)
 Metaspace       used 19475K, capacity 19746K, committed 20096K, reserved 1067008K
  class space    used 2472K, capacity 2563K, committed 2688K, reserved 1048576K
Event: 29.125 GC heap after
Heap after GC invocations=10 (full 0):
 PSYoungGen      total 613888K, used 96K [0x0000000782f00000, 0x00000007a9400000, 0x00000007c0000000)
  eden space 601600K, 0% used [0x0000000782f00000,0x0000000782f00000,0x00000007a7a80000)
  from space 12288K, 0% used [0x00000007a8700000,0x00000007a8718000,0x00000007a9300000)
  to   space 12800K, 0% used [0x00000007a7a80000,0x00000007a7a80000,0x00000007a8700000)
 ParOldGen       total 125952K, used 9407K [0x0000000708c00000, 0x0000000710700000, 0x0000000782f00000)
  object space 125952K, 7% used [0x0000000708c00000,0x000000070952ff50,0x0000000710700000)
 Metaspace       used 19475K, capacity 19746K, committed 20096K, reserved 1067008K
  class space    used 2472K, capacity 2563K, committed 2688K, reserved 1048576K
}
Event: 30.008 GC heap before
{Heap before GC invocations=11 (full 0):
 PSYoungGen      total 613888K, used 601696K [0x0000000782f00000, 0x00000007a9400000, 0x00000007c0000000)
  eden space 601600K, 100% used [0x0000000782f00000,0x00000007a7a80000,0x00000007a7a80000)
  from space 12288K, 0% used [0x00000007a8700000,0x00000007a8718000,0x00000007a9300000)
  to   space 12800K, 0% used [0x00000007a7a80000,0x00000007a7a80000,0x00000007a8700000)
 ParOldGen       total 125952K, used 9407K [0x0000000708c00000, 0x0000000710700000, 0x0000000782f00000)
  object space 125952K, 7% used [0x0000000708c00000,0x000000070952ff50,0x0000000710700000)
 Metaspace       used 19577K, capacity 19874K, committed 20352K, reserved 1067008K
  class space    used 2472K, capacity 2563K, committed 2688K, reserved 1048576K
Event: 30.011 GC heap after
Heap after GC invocations=11 (full 0):
 PSYoungGen      total 614400K, used 96K [0x0000000782f00000, 0x00000007a9400000, 0x00000007c0000000)
  eden space 601600K, 0% used [0x0000000782f00000,0x0000000782f00000,0x00000007a7a80000)
  from space 12800K, 0% used [0x00000007a7a80000,0x00000007a7a98000,0x00000007a8700000)
  to   space 12288K, 0% used [0x00000007a8700000,0x00000007a8700000,0x00000007a9300000)
 ParOldGen       total 125952K, used 9423K [0x0000000708c00000, 0x0000000710700000, 0x0000000782f00000)
  object space 125952K, 7% used [0x0000000708c00000,0x0000000709533f50,0x0000000710700000)
 Metaspace       used 19577K, capacity 19874K, committed 20352K, reserved 1067008K
  class space    used 2472K, capacity 2563K, committed 2688K, reserved 1048576K
}
Event: 30.522 GC heap before
{Heap before GC invocations=12 (full 0):
 PSYoungGen      total 614400K, used 601696K [0x0000000782f00000, 0x00000007a9400000, 0x00000007c0000000)
  eden space 601600K, 100% used [0x0000000782f00000,0x00000007a7a80000,0x00000007a7a80000)
  from space 12800K, 0% used [0x00000007a7a80000,0x00000007a7a98000,0x00000007a8700000)
  to   space 12288K, 0% used [0x00000007a8700000,0x00000007a8700000,0x00000007a9300000)
 ParOldGen       total 125952K, used 9423K [0x0000000708c00000, 0x0000000710700000, 0x0000000782f00000)
  object space 125952K, 7% used [0x0000000708c00000,0x0000000709533f50,0x0000000710700000)
 Metaspace       used 19592K, capacity 19874K, committed 20352K, reserved 1067008K
  class space    used 2472K, capacity 2563K, committed 2688K, reserved 1048576K
Event: 30.523 GC heap after
Heap after GC invocations=12 (full 0):
 PSYoungGen      total 613888K, used 128K [0x0000000782f00000, 0x00000007a9400000, 0x00000007c0000000)
  eden space 601600K, 0% used [0x0000000782f00000,0x0000000782f00000,0x00000007a7a80000)
  from space 12288K, 1% used [0x00000007a8700000,0x00000007a8720000,0x00000007a9300000)
  to   space 12800K, 0% used [0x00000007a7a80000,0x00000007a7a80000,0x00000007a8700000)
 ParOldGen       total 125952K, used 9463K [0x0000000708c00000, 0x0000000710700000, 0x0000000782f00000)
  object space 125952K, 7% used [0x0000000708c00000,0x000000070953df50,0x0000000710700000)
 Metaspace       used 19592K, capacity 19874K, committed 20352K, reserved 1067008K
  class space    used 2472K, capacity 2563K, committed 2688K, reserved 1048576K
}
Event: 30.931 GC heap before
{Heap before GC invocations=13 (full 0):
 PSYoungGen      total 613888K, used 601728K [0x0000000782f00000, 0x00000007a9400000, 0x00000007c0000000)
  eden space 601600K, 100% used [0x0000000782f00000,0x00000007a7a80000,0x00000007a7a80000)
  from space 12288K, 1% used [0x00000007a8700000,0x00000007a8720000,0x00000007a9300000)
  to   space 12800K, 0% used [0x00000007a7a80000,0x00000007a7a80000,0x00000007a8700000)
 ParOldGen       total 125952K, used 9463K [0x0000000708c00000, 0x0000000710700000, 0x0000000782f00000)
  object space 125952K, 7% used [0x0000000708c00000,0x000000070953df50,0x0000000710700000)
 Metaspace       used 19593K, capacity 19874K, committed 20352K, reserved 1067008K
  class space    used 2472K, capacity 2563K, committed 2688K, reserved 1048576K
Event: 30.934 GC heap after
Heap after GC invocations=13 (full 0):
 PSYoungGen      total 614400K, used 64K [0x0000000782f00000, 0x00000007bf300000, 0x00000007c0000000)
  eden space 601600K, 0% used [0x0000000782f00000,0x0000000782f00000,0x00000007a7a80000)
  from space 12800K, 0% used [0x00000007a7a80000,0x00000007a7a90000,0x00000007a8700000)
  to   space 12288K, 0% used [0x00000007be700000,0x00000007be700000,0x00000007bf300000)
 ParOldGen       total 125952K, used 9487K [0x0000000708c00000, 0x0000000710700000, 0x0000000782f00000)
  object space 125952K, 7% used [0x0000000708c00000,0x0000000709543f50,0x0000000710700000)
 Metaspace       used 19593K, capacity 19874K, committed 20352K, reserved 1067008K
  class space    used 2472K, capacity 2563K, committed 2688K, reserved 1048576K
}

