# JRE version: Java(TM) SE Runtime Environment (8.0_231-b11) (build 1.8.0_231-b11)
# Java VM: Java HotSpot(TM) 64-Bit Server VM (25.231-b11 mixed mode windows-amd64 compressed oops)
Heap:
 PSYoungGen      total 12288K, used 7018K [0x0000000782f00000, 0x0000000784000000, 0x00000007c0000000)
  eden space 9216K, 42% used [0x0000000782f00000,0x00000007832dc688,0x0000000783800000)
  from space 3072K, 99% used [0x0000000783d00000,0x0000000783ffe418,0x0000000784000000)
  to   space 4096K, 0% used [0x0000000783800000,0x0000000783800000,0x0000000783c00000)
 ParOldGen       total 10240K, used 5836K [0x0000000708c00000, 0x0000000709600000, 0x0000000782f00000)
  object space 10240K, 56% used [0x0000000708c00000,0x00000007091b3280,0x0000000709600000)
 Metaspace       used 7444K, capacity 8308K, committed 8448K, reserved 1056768K
  class space    used 894K, capacity 944K, committed 1024K, reserved 1048576K
GC Heap History (10 events):
Event: 1.895 GC heap before
{Heap before GC invocations=5 (full 0):
 PSYoungGen      total 3584K, used 3568K [0x0000000782f00000, 0x0000000783300000, 0x00000007c0000000)
  eden space 3072K, 100% used [0x0000000782f00000,0x0000000783200000,0x0000000783200000)
  from space 512K, 96% used [0x0000000783280000,0x00000007832fc020,0x0000000783300000)
  to   space 512K, 0% used [0x0000000783200000,0x0000000783200000,0x0000000783280000)
 ParOldGen       total 5632K, used 655K [0x0000000708c00000, 0x0000000709180000, 0x0000000782f00000)
  object space 5632K, 11% used [0x0000000708c00000,0x0000000708ca3ec8,0x0000000709180000)
 Metaspace       used 6058K, capacity 7276K, committed 7552K, reserved 1056768K
  class space    used 760K, capacity 808K, committed 896K, reserved 1048576K
Event: 1.898 GC heap after
Heap after GC invocations=5 (full 0):
 PSYoungGen      total 3584K, used 496K [0x0000000782f00000, 0x0000000783700000, 0x00000007c0000000)
  eden space 3072K, 0% used [0x0000000782f00000,0x0000000782f00000,0x0000000783200000)
  from space 512K, 96% used [0x0000000783200000,0x000000078327c020,0x0000000783280000)
  to   space 1024K, 0% used [0x0000000783600000,0x0000000783600000,0x0000000783700000)
 ParOldGen       total 5632K, used 943K [0x0000000708c00000, 0x0000000709180000, 0x0000000782f00000)
  object space 5632K, 16% used [0x0000000708c00000,0x0000000708cebec8,0x0000000709180000)
 Metaspace       used 6058K, capacity 7276K, committed 7552K, reserved 1056768K
  class space    used 760K, capacity 808K, committed 896K, reserved 1048576K
}
Event: 2.195 GC heap before
{Heap before GC invocations=6 (full 0):
 PSYoungGen      total 3584K, used 3550K [0x0000000782f00000, 0x0000000783700000, 0x00000007c0000000)
  eden space 3072K, 99% used [0x0000000782f00000,0x00000007831fb980,0x0000000783200000)
  from space 512K, 96% used [0x0000000783200000,0x000000078327c020,0x0000000783280000)
  to   space 1024K, 0% used [0x0000000783600000,0x0000000783600000,0x0000000783700000)
 ParOldGen       total 5632K, used 943K [0x0000000708c00000, 0x0000000709180000, 0x0000000782f00000)
  object space 5632K, 16% used [0x0000000708c00000,0x0000000708cebec8,0x0000000709180000)
 Metaspace       used 6842K, capacity 7860K, committed 8064K, reserved 1056768K
  class space    used 848K, capacity 880K, committed 896K, reserved 1048576K
Event: 2.200 GC heap after
Heap after GC invocations=6 (full 0):
 PSYoungGen      total 6656K, used 944K [0x0000000782f00000, 0x0000000783800000, 0x00000007c0000000)
  eden space 5632K, 0% used [0x0000000782f00000,0x0000000782f00000,0x0000000783480000)
  from space 1024K, 92% used [0x0000000783600000,0x00000007836ec020,0x0000000783700000)
  to   space 1536K, 0% used [0x0000000783480000,0x0000000783480000,0x0000000783600000)
 ParOldGen       total 5632K, used 943K [0x0000000708c00000, 0x0000000709180000, 0x0000000782f00000)
  object space 5632K, 16% used [0x0000000708c00000,0x0000000708cebec8,0x0000000709180000)
 Metaspace       used 6842K, capacity 7860K, committed 8064K, reserved 1056768K
  class space    used 848K, capacity 880K, committed 896K, reserved 1048576K
}
Event: 2.538 GC heap before
{Heap before GC invocations=7 (full 0):
 PSYoungGen      total 6656K, used 6576K [0x0000000782f00000, 0x0000000783800000, 0x00000007c0000000)
  eden space 5632K, 100% used [0x0000000782f00000,0x0000000783480000,0x0000000783480000)
  from space 1024K, 92% used [0x0000000783600000,0x00000007836ec020,0x0000000783700000)
  to   space 1536K, 0% used [0x0000000783480000,0x0000000783480000,0x0000000783600000)
 ParOldGen       total 5632K, used 943K [0x0000000708c00000, 0x0000000709180000, 0x0000000782f00000)
  object space 5632K, 16% used [0x0000000708c00000,0x0000000708cebec8,0x0000000709180000)
 Metaspace       used 7361K, capacity 8244K, committed 8448K, reserved 1056768K
  class space    used 889K, capacity 944K, committed 1024K, reserved 1048576K
Event: 2.552 GC heap after
Heap after GC invocations=7 (full 0):
 PSYoungGen      total 7168K, used 1530K [0x0000000782f00000, 0x0000000784000000, 0x00000007c0000000)
  eden space 5632K, 0% used [0x0000000782f00000,0x0000000782f00000,0x0000000783480000)
  from space 1536K, 99% used [0x0000000783480000,0x00000007835feaf0,0x0000000783600000)
  to   space 3072K, 0% used [0x0000000783d00000,0x0000000783d00000,0x0000000784000000)
 ParOldGen       total 5632K, used 4063K [0x0000000708c00000, 0x0000000709180000, 0x0000000782f00000)
  object space 5632K, 72% used [0x0000000708c00000,0x0000000708ff7c28,0x0000000709180000)
 Metaspace       used 7361K, capacity 8244K, committed 8448K, reserved 1056768K
  class space    used 889K, capacity 944K, committed 1024K, reserved 1048576K
}
Event: 2.553 GC heap before
{Heap before GC invocations=8 (full 1):
 PSYoungGen      total 7168K, used 1530K [0x0000000782f00000, 0x0000000784000000, 0x00000007c0000000)
  eden space 5632K, 0% used [0x0000000782f00000,0x0000000782f00000,0x0000000783480000)
  from space 1536K, 99% used [0x0000000783480000,0x00000007835feaf0,0x0000000783600000)
  to   space 3072K, 0% used [0x0000000783d00000,0x0000000783d00000,0x0000000784000000)
 ParOldGen       total 5632K, used 4063K [0x0000000708c00000, 0x0000000709180000, 0x0000000782f00000)
  object space 5632K, 72% used [0x0000000708c00000,0x0000000708ff7c28,0x0000000709180000)
 Metaspace       used 7361K, capacity 8244K, committed 8448K, reserved 1056768K
  class space    used 889K, capacity 944K, committed 1024K, reserved 1048576K
Event: 2.598 GC heap after
Heap after GC invocations=8 (full 1):
 PSYoungGen      total 7168K, used 0K [0x0000000782f00000, 0x0000000784000000, 0x00000007c0000000)
  eden space 5632K, 0% used [0x0000000782f00000,0x0000000782f00000,0x0000000783480000)
  from space 1536K, 0% used [0x0000000783480000,0x0000000783480000,0x0000000783600000)
  to   space 3072K, 0% used [0x0000000783d00000,0x0000000783d00000,0x0000000784000000)
 ParOldGen       total 10240K, used 5396K [0x0000000708c00000, 0x0000000709600000, 0x0000000782f00000)
  object space 10240K, 52% used [0x0000000708c00000,0x0000000709145280,0x0000000709600000)
 Metaspace       used 7361K, capacity 8244K, committed 8448K, reserved 1056768K
  class space    used 889K, capacity 944K, committed 1024K, reserved 1048576K
}
Event: 2.945 GC heap before
{Heap before GC invocations=9 (full 1):
 PSYoungGen      total 7168K, used 5632K [0x0000000782f00000, 0x0000000784000000, 0x00000007c0000000)
  eden space 5632K, 100% used [0x0000000782f00000,0x0000000783480000,0x0000000783480000)
  from space 1536K, 0% used [0x0000000783480000,0x0000000783480000,0x0000000783600000)
  to   space 3072K, 0% used [0x0000000783d00000,0x0000000783d00000,0x0000000784000000)
 ParOldGen       total 10240K, used 5396K [0x0000000708c00000, 0x0000000709600000, 0x0000000782f00000)
  object space 10240K, 52% used [0x0000000708c00000,0x0000000709145280,0x0000000709600000)
 Metaspace       used 7383K, capacity 8244K, committed 8448K, reserved 1056768K
  class space    used 889K, capacity 944K, committed 1024K, reserved 1048576K
Event: 2.962 GC heap after
Heap after GC invocations=9 (full 1):
 PSYoungGen      total 12288K, used 3065K [0x0000000782f00000, 0x0000000784000000, 0x00000007c0000000)
  eden space 9216K, 0% used [0x0000000782f00000,0x0000000782f00000,0x0000000783800000)
  from space 3072K, 99% used [0x0000000783d00000,0x0000000783ffe418,0x0000000784000000)
  to   space 4096K, 0% used [0x0000000783800000,0x0000000783800000,0x0000000783c00000)
 ParOldGen       total 10240K, used 5836K [0x0000000708c00000, 0x0000000709600000, 0x0000000782f00000)
  object space 10240K, 56% used [0x0000000708c00000,0x00000007091b3280,0x0000000709600000)
 Metaspace       used 7383K, capacity 8244K, committed 8448K, reserved 1056768K
  class space    used 889K, capacity 944K, committed 1024K, reserved 1048576K
}

