# JRE version: Java(TM) SE Runtime Environment (8.0_231-b11) (build 1.8.0_231-b11)
# Java VM: Java HotSpot(TM) 64-Bit Server VM (25.231-b11 mixed mode windows-amd64 compressed oops)
Heap:
 PSYoungGen      total 198144K, used 153487K [0x0000000782f00000, 0x000000078fa00000, 0x00000007c0000000)
  eden space 188416K, 81% used [0x0000000782f00000,0x000000078c4dbfb8,0x000000078e700000)
  from space 9728K, 0% used [0x000000078e700000,0x000000078e708000,0x000000078f080000)
  to   space 9728K, 0% used [0x000000078f080000,0x000000078f080000,0x000000078fa00000)
 ParOldGen       total 125952K, used 10195K [0x0000000708c00000, 0x0000000710700000, 0x0000000782f00000)
  object space 125952K, 8% used [0x0000000708c00000,0x00000007095f4c40,0x0000000710700000)
 Metaspace       used 19827K, capacity 20084K, committed 20352K, reserved 1067008K
  class space    used 2489K, capacity 2592K, committed 2688K, reserved 1048576K
GC Heap History (10 events):
Event: 50.388 GC heap before
{Heap before GC invocations=101 (full 0):
 PSYoungGen      total 198144K, used 188480K [0x0000000782f00000, 0x000000078fa00000, 0x00000007c0000000)
  eden space 188416K, 100% used [0x0000000782f00000,0x000000078e700000,0x000000078e700000)
  from space 9728K, 0% used [0x000000078f080000,0x000000078f090000,0x000000078fa00000)
  to   space 9728K, 0% used [0x000000078e700000,0x000000078e700000,0x000000078f080000)
 ParOldGen       total 125952K, used 10155K [0x0000000708c00000, 0x0000000710700000, 0x0000000782f00000)
  object space 125952K, 8% used [0x0000000708c00000,0x00000007095eac40,0x0000000710700000)
 Metaspace       used 19813K, capacity 20084K, committed 20352K, reserved 1067008K
  class space    used 2489K, capacity 2592K, committed 2688K, reserved 1048576K
Event: 50.389 GC heap after
Heap after GC invocations=101 (full 0):
 PSYoungGen      total 198144K, used 32K [0x0000000782f00000, 0x000000078fa00000, 0x00000007c0000000)
  eden space 188416K, 0% used [0x0000000782f00000,0x0000000782f00000,0x000000078e700000)
  from space 9728K, 0% used [0x000000078e700000,0x000000078e708000,0x000000078f080000)
  to   space 9728K, 0% used [0x000000078f080000,0x000000078f080000,0x000000078fa00000)
 ParOldGen       total 125952K, used 10163K [0x0000000708c00000, 0x0000000710700000, 0x0000000782f00000)
  object space 125952K, 8% used [0x0000000708c00000,0x00000007095ecc40,0x0000000710700000)
 Metaspace       used 19813K, capacity 20084K, committed 20352K, reserved 1067008K
  class space    used 2489K, capacity 2592K, committed 2688K, reserved 1048576K
}
Event: 50.506 GC heap before
{Heap before GC invocations=102 (full 0):
 PSYoungGen      total 198144K, used 188448K [0x0000000782f00000, 0x000000078fa00000, 0x00000007c0000000)
  eden space 188416K, 100% used [0x0000000782f00000,0x000000078e700000,0x000000078e700000)
  from space 9728K, 0% used [0x000000078e700000,0x000000078e708000,0x000000078f080000)
  to   space 9728K, 0% used [0x000000078f080000,0x000000078f080000,0x000000078fa00000)
 ParOldGen       total 125952K, used 10163K [0x0000000708c00000, 0x0000000710700000, 0x0000000782f00000)
  object space 125952K, 8% used [0x0000000708c00000,0x00000007095ecc40,0x0000000710700000)
 Metaspace       used 19817K, capacity 20084K, committed 20352K, reserved 1067008K
  class space    used 2489K, capacity 2592K, committed 2688K, reserved 1048576K
Event: 50.508 GC heap after
Heap after GC invocations=102 (full 0):
 PSYoungGen      total 198144K, used 128K [0x0000000782f00000, 0x000000078fa00000, 0x00000007c0000000)
  eden space 188416K, 0% used [0x0000000782f00000,0x0000000782f00000,0x000000078e700000)
  from space 9728K, 1% used [0x000000078f080000,0x000000078f0a0000,0x000000078fa00000)
  to   space 9728K, 0% used [0x000000078e700000,0x000000078e700000,0x000000078f080000)
 ParOldGen       total 125952K, used 10163K [0x0000000708c00000, 0x0000000710700000, 0x0000000782f00000)
  object space 125952K, 8% used [0x0000000708c00000,0x00000007095ecc40,0x0000000710700000)
 Metaspace       used 19817K, capacity 20084K, committed 20352K, reserved 1067008K
  class space    used 2489K, capacity 2592K, committed 2688K, reserved 1048576K
}
Event: 50.672 GC heap before
{Heap before GC invocations=103 (full 0):
 PSYoungGen      total 198144K, used 188544K [0x0000000782f00000, 0x000000078fa00000, 0x00000007c0000000)
  eden space 188416K, 100% used [0x0000000782f00000,0x000000078e700000,0x000000078e700000)
  from space 9728K, 1% used [0x000000078f080000,0x000000078f0a0000,0x000000078fa00000)
  to   space 9728K, 0% used [0x000000078e700000,0x000000078e700000,0x000000078f080000)
 ParOldGen       total 125952K, used 10163K [0x0000000708c00000, 0x0000000710700000, 0x0000000782f00000)
  object space 125952K, 8% used [0x0000000708c00000,0x00000007095ecc40,0x0000000710700000)
 Metaspace       used 19819K, capacity 20084K, committed 20352K, reserved 1067008K
  class space    used 2489K, capacity 2592K, committed 2688K, reserved 1048576K
Event: 50.673 GC heap after
Heap after GC invocations=103 (full 0):
 PSYoungGen      total 198144K, used 128K [0x0000000782f00000, 0x000000078fa00000, 0x00000007c0000000)
  eden space 188416K, 0% used [0x0000000782f00000,0x0000000782f00000,0x000000078e700000)
  from space 9728K, 1% used [0x000000078e700000,0x000000078e720000,0x000000078f080000)
  to   space 9728K, 0% used [0x000000078f080000,0x000000078f080000,0x000000078fa00000)
 ParOldGen       total 125952K, used 10163K [0x0000000708c00000, 0x0000000710700000, 0x0000000782f00000)
  object space 125952K, 8% used [0x0000000708c00000,0x00000007095ecc40,0x0000000710700000)
 Metaspace       used 19819K, capacity 20084K, committed 20352K, reserved 1067008K
  class space    used 2489K, capacity 2592K, committed 2688K, reserved 1048576K
}
Event: 50.819 GC heap before
{Heap before GC invocations=104 (full 0):
 PSYoungGen      total 198144K, used 188544K [0x0000000782f00000, 0x000000078fa00000, 0x00000007c0000000)
  eden space 188416K, 100% used [0x0000000782f00000,0x000000078e700000,0x000000078e700000)
  from space 9728K, 1% used [0x000000078e700000,0x000000078e720000,0x000000078f080000)
  to   space 9728K, 0% used [0x000000078f080000,0x000000078f080000,0x000000078fa00000)
 ParOldGen       total 125952K, used 10163K [0x0000000708c00000, 0x0000000710700000, 0x0000000782f00000)
  object space 125952K, 8% used [0x0000000708c00000,0x00000007095ecc40,0x0000000710700000)
 Metaspace       used 19822K, capacity 20084K, committed 20352K, reserved 1067008K
  class space    used 2489K, capacity 2592K, committed 2688K, reserved 1048576K
Event: 50.821 GC heap after
Heap after GC invocations=104 (full 0):
 PSYoungGen      total 198144K, used 96K [0x0000000782f00000, 0x000000078fa00000, 0x00000007c0000000)
  eden space 188416K, 0% used [0x0000000782f00000,0x0000000782f00000,0x000000078e700000)
  from space 9728K, 0% used [0x000000078f080000,0x000000078f098000,0x000000078fa00000)
  to   space 9728K, 0% used [0x000000078e700000,0x000000078e700000,0x000000078f080000)
 ParOldGen       total 125952K, used 10187K [0x0000000708c00000, 0x0000000710700000, 0x0000000782f00000)
  object space 125952K, 8% used [0x0000000708c00000,0x00000007095f2c40,0x0000000710700000)
 Metaspace       used 19822K, capacity 20084K, committed 20352K, reserved 1067008K
  class space    used 2489K, capacity 2592K, committed 2688K, reserved 1048576K
}
Event: 50.975 GC heap before
{Heap before GC invocations=105 (full 0):
 PSYoungGen      total 198144K, used 188512K [0x0000000782f00000, 0x000000078fa00000, 0x00000007c0000000)
  eden space 188416K, 100% used [0x0000000782f00000,0x000000078e700000,0x000000078e700000)
  from space 9728K, 0% used [0x000000078f080000,0x000000078f098000,0x000000078fa00000)
  to   space 9728K, 0% used [0x000000078e700000,0x000000078e700000,0x000000078f080000)
 ParOldGen       total 125952K, used 10187K [0x0000000708c00000, 0x0000000710700000, 0x0000000782f00000)
  object space 125952K, 8% used [0x0000000708c00000,0x00000007095f2c40,0x0000000710700000)
 Metaspace       used 19822K, capacity 20084K, committed 20352K, reserved 1067008K
  class space    used 2489K, capacity 2592K, committed 2688K, reserved 1048576K
Event: 50.978 GC heap after
Heap after GC invocations=105 (full 0):
 PSYoungGen      total 198144K, used 32K [0x0000000782f00000, 0x000000078fa00000, 0x00000007c0000000)
  eden space 188416K, 0% used [0x0000000782f00000,0x0000000782f00000,0x000000078e700000)
  from space 9728K, 0% used [0x000000078e700000,0x000000078e708000,0x000000078f080000)
  to   space 9728K, 0% used [0x000000078f080000,0x000000078f080000,0x000000078fa00000)
 ParOldGen       total 125952K, used 10195K [0x0000000708c00000, 0x0000000710700000, 0x0000000782f00000)
  object space 125952K, 8% used [0x0000000708c00000,0x00000007095f4c40,0x0000000710700000)
 Metaspace       used 19822K, capacity 20084K, committed 20352K, reserved 1067008K
  class space    used 2489K, capacity 2592K, committed 2688K, reserved 1048576K
}

