# JRE version: Java(TM) SE Runtime Environment (8.0_231-b11) (build 1.8.0_231-b11)
# Java VM: Java HotSpot(TM) 64-Bit Server VM (25.231-b11 mixed mode windows-amd64 compressed oops)
Heap:
 PSYoungGen      total 54784K, used 7254K [0x0000000782f00000, 0x0000000786c00000, 0x00000007c0000000)
  eden space 47104K, 15% used [0x0000000782f00000,0x0000000783615ad0,0x0000000785d00000)
  from space 7680K, 0% used [0x0000000785d00000,0x0000000785d00000,0x0000000786480000)
  to   space 7680K, 0% used [0x0000000786480000,0x0000000786480000,0x0000000786c00000)
 ParOldGen       total 86016K, used 3050K [0x0000000708c00000, 0x000000070e000000, 0x0000000782f00000)
  object space 86016K, 3% used [0x0000000708c00000,0x0000000708efa860,0x000000070e000000)
 Metaspace       used 14863K, capacity 15126K, committed 15232K, reserved 1067008K
  class space    used 1827K, capacity 1907K, committed 1920K, reserved 1048576K
GC Heap History (4 events):
Event: 1.328 GC heap before
{Heap before GC invocations=1 (full 0):
 PSYoungGen      total 54784K, used 12593K [0x0000000782f00000, 0x0000000786c00000, 0x00000007c0000000)
  eden space 47104K, 26% used [0x0000000782f00000,0x0000000783b4c728,0x0000000785d00000)
  from space 7680K, 0% used [0x0000000786480000,0x0000000786480000,0x0000000786c00000)
  to   space 7680K, 0% used [0x0000000785d00000,0x0000000785d00000,0x0000000786480000)
 ParOldGen       total 125952K, used 0K [0x0000000708c00000, 0x0000000710700000, 0x0000000782f00000)
  object space 125952K, 0% used [0x0000000708c00000,0x0000000708c00000,0x0000000710700000)
 Metaspace       used 12114K, capacity 12288K, committed 12416K, reserved 1067008K
  class space    used 1446K, capacity 1541K, committed 1664K, reserved 1048576K
Event: 1.338 GC heap after
Heap after GC invocations=1 (full 0):
 PSYoungGen      total 54784K, used 3175K [0x0000000782f00000, 0x0000000786c00000, 0x00000007c0000000)
  eden space 47104K, 0% used [0x0000000782f00000,0x0000000782f00000,0x0000000785d00000)
  from space 7680K, 41% used [0x0000000785d00000,0x0000000786019fe8,0x0000000786480000)
  to   space 7680K, 0% used [0x0000000786480000,0x0000000786480000,0x0000000786c00000)
 ParOldGen       total 125952K, used 16K [0x0000000708c00000, 0x0000000710700000, 0x0000000782f00000)
  object space 125952K, 0% used [0x0000000708c00000,0x0000000708c04000,0x0000000710700000)
 Metaspace       used 12114K, capacity 12288K, committed 12416K, reserved 1067008K
  class space    used 1446K, capacity 1541K, committed 1664K, reserved 1048576K
}
Event: 1.338 GC heap before
{Heap before GC invocations=2 (full 1):
 PSYoungGen      total 54784K, used 3175K [0x0000000782f00000, 0x0000000786c00000, 0x00000007c0000000)
  eden space 47104K, 0% used [0x0000000782f00000,0x0000000782f00000,0x0000000785d00000)
  from space 7680K, 41% used [0x0000000785d00000,0x0000000786019fe8,0x0000000786480000)
  to   space 7680K, 0% used [0x0000000786480000,0x0000000786480000,0x0000000786c00000)
 ParOldGen       total 125952K, used 16K [0x0000000708c00000, 0x0000000710700000, 0x0000000782f00000)
  object space 125952K, 0% used [0x0000000708c00000,0x0000000708c04000,0x0000000710700000)
 Metaspace       used 12114K, capacity 12288K, committed 12416K, reserved 1067008K
  class space    used 1446K, capacity 1541K, committed 1664K, reserved 1048576K
Event: 1.370 GC heap after
Heap after GC invocations=2 (full 1):
 PSYoungGen      total 54784K, used 0K [0x0000000782f00000, 0x0000000786c00000, 0x00000007c0000000)
  eden space 47104K, 0% used [0x0000000782f00000,0x0000000782f00000,0x0000000785d00000)
  from space 7680K, 0% used [0x0000000785d00000,0x0000000785d00000,0x0000000786480000)
  to   space 7680K, 0% used [0x0000000786480000,0x0000000786480000,0x0000000786c00000)
 ParOldGen       total 86016K, used 3050K [0x0000000708c00000, 0x000000070e000000, 0x0000000782f00000)
  object space 86016K, 3% used [0x0000000708c00000,0x0000000708efa860,0x000000070e000000)
 Metaspace       used 12114K, capacity 12288K, committed 12416K, reserved 1064960K
  class space    used 1446K, capacity 1541K, committed 1664K, reserved 1048576K
}

