# JRE version: Java(TM) SE Runtime Environment (8.0_231-b11) (build 1.8.0_231-b11)
# Java VM: Java HotSpot(TM) 64-Bit Server VM (25.231-b11 mixed mode windows-amd64 compressed oops)
Heap:
 PSYoungGen      total 975360K, used 931942K [0x0000000782f00000, 0x00000007bf400000, 0x00000007c0000000)
  eden space 962560K, 96% used [0x0000000782f00000,0x00000007bbd09848,0x00000007bdb00000)
  from space 12800K, 0% used [0x00000007bdb00000,0x00000007bdb10000,0x00000007be780000)
  to   space 12800K, 0% used [0x00000007be780000,0x00000007be780000,0x00000007bf400000)
 ParOldGen       total 125952K, used 9602K [0x0000000708c00000, 0x0000000710700000, 0x0000000782f00000)
  object space 125952K, 7% used [0x0000000708c00000,0x0000000709560848,0x0000000710700000)
 Metaspace       used 19955K, capacity 20274K, committed 20608K, reserved 1067008K
  class space    used 2540K, capacity 2629K, committed 2688K, reserved 1048576K
GC Heap History (10 events):
Event: 26.200 GC heap before
{Heap before GC invocations=11 (full 0):
 PSYoungGen      total 613888K, used 601696K [0x0000000782f00000, 0x00000007a9400000, 0x00000007c0000000)
  eden space 601600K, 100% used [0x0000000782f00000,0x00000007a7a80000,0x00000007a7a80000)
  from space 12288K, 0% used [0x00000007a8700000,0x00000007a8718000,0x00000007a9300000)
  to   space 12800K, 0% used [0x00000007a7a80000,0x00000007a7a80000,0x00000007a8700000)
 ParOldGen       total 125952K, used 9546K [0x0000000708c00000, 0x0000000710700000, 0x0000000782f00000)
  object space 125952K, 7% used [0x0000000708c00000,0x0000000709552848,0x0000000710700000)
 Metaspace       used 19752K, capacity 20044K, committed 20352K, reserved 1067008K
  class space    used 2514K, capacity 2594K, committed 2688K, reserved 1048576K
Event: 26.208 GC heap after
Heap after GC invocations=11 (full 0):
 PSYoungGen      total 614400K, used 96K [0x0000000782f00000, 0x00000007bf400000, 0x00000007c0000000)
  eden space 601600K, 0% used [0x0000000782f00000,0x0000000782f00000,0x00000007a7a80000)
  from space 12800K, 0% used [0x00000007a7a80000,0x00000007a7a98000,0x00000007a8700000)
  to   space 12800K, 0% used [0x00000007be780000,0x00000007be780000,0x00000007bf400000)
 ParOldGen       total 125952K, used 9562K [0x0000000708c00000, 0x0000000710700000, 0x0000000782f00000)
  object space 125952K, 7% used [0x0000000708c00000,0x0000000709556848,0x0000000710700000)
 Metaspace       used 19752K, capacity 20044K, committed 20352K, reserved 1067008K
  class space    used 2514K, capacity 2594K, committed 2688K, reserved 1048576K
}
Event: 26.750 GC heap before
{Heap before GC invocations=12 (full 0):
 PSYoungGen      total 614400K, used 601696K [0x0000000782f00000, 0x00000007bf400000, 0x00000007c0000000)
  eden space 601600K, 100% used [0x0000000782f00000,0x00000007a7a80000,0x00000007a7a80000)
  from space 12800K, 0% used [0x00000007a7a80000,0x00000007a7a98000,0x00000007a8700000)
  to   space 12800K, 0% used [0x00000007be780000,0x00000007be780000,0x00000007bf400000)
 ParOldGen       total 125952K, used 9562K [0x0000000708c00000, 0x0000000710700000, 0x0000000782f00000)
  object space 125952K, 7% used [0x0000000708c00000,0x0000000709556848,0x0000000710700000)
 Metaspace       used 19757K, capacity 20044K, committed 20352K, reserved 1067008K
  class space    used 2514K, capacity 2594K, committed 2688K, reserved 1048576K
Event: 26.783 GC heap after
Heap after GC invocations=12 (full 0):
 PSYoungGen      total 975360K, used 96K [0x0000000782f00000, 0x00000007bf400000, 0x00000007c0000000)
  eden space 962560K, 0% used [0x0000000782f00000,0x0000000782f00000,0x00000007bdb00000)
  from space 12800K, 0% used [0x00000007be780000,0x00000007be798000,0x00000007bf400000)
  to   space 12800K, 0% used [0x00000007bdb00000,0x00000007bdb00000,0x00000007be780000)
 ParOldGen       total 125952K, used 9578K [0x0000000708c00000, 0x0000000710700000, 0x0000000782f00000)
  object space 125952K, 7% used [0x0000000708c00000,0x000000070955a848,0x0000000710700000)
 Metaspace       used 19757K, capacity 20044K, committed 20352K, reserved 1067008K
  class space    used 2514K, capacity 2594K, committed 2688K, reserved 1048576K
}
Event: 28.029 GC heap before
{Heap before GC invocations=13 (full 0):
 PSYoungGen      total 975360K, used 962656K [0x0000000782f00000, 0x00000007bf400000, 0x00000007c0000000)
  eden space 962560K, 100% used [0x0000000782f00000,0x00000007bdb00000,0x00000007bdb00000)
  from space 12800K, 0% used [0x00000007be780000,0x00000007be798000,0x00000007bf400000)
  to   space 12800K, 0% used [0x00000007bdb00000,0x00000007bdb00000,0x00000007be780000)
 ParOldGen       total 125952K, used 9578K [0x0000000708c00000, 0x0000000710700000, 0x0000000782f00000)
  object space 125952K, 7% used [0x0000000708c00000,0x000000070955a848,0x0000000710700000)
 Metaspace       used 19760K, capacity 20044K, committed 20352K, reserved 1067008K
  class space    used 2514K, capacity 2594K, committed 2688K, reserved 1048576K
Event: 28.144 GC heap after
Heap after GC invocations=13 (full 0):
 PSYoungGen      total 975360K, used 64K [0x0000000782f00000, 0x00000007bf400000, 0x00000007c0000000)
  eden space 962560K, 0% used [0x0000000782f00000,0x0000000782f00000,0x00000007bdb00000)
  from space 12800K, 0% used [0x00000007bdb00000,0x00000007bdb10000,0x00000007be780000)
  to   space 12800K, 0% used [0x00000007be780000,0x00000007be780000,0x00000007bf400000)
 ParOldGen       total 125952K, used 9586K [0x0000000708c00000, 0x0000000710700000, 0x0000000782f00000)
  object space 125952K, 7% used [0x0000000708c00000,0x000000070955c848,0x0000000710700000)
 Metaspace       used 19760K, capacity 20044K, committed 20352K, reserved 1067008K
  class space    used 2514K, capacity 2594K, committed 2688K, reserved 1048576K
}
Event: 29.020 GC heap before
{Heap before GC invocations=14 (full 0):
 PSYoungGen      total 975360K, used 962624K [0x0000000782f00000, 0x00000007bf400000, 0x00000007c0000000)
  eden space 962560K, 100% used [0x0000000782f00000,0x00000007bdb00000,0x00000007bdb00000)
  from space 12800K, 0% used [0x00000007bdb00000,0x00000007bdb10000,0x00000007be780000)
  to   space 12800K, 0% used [0x00000007be780000,0x00000007be780000,0x00000007bf400000)
 ParOldGen       total 125952K, used 9586K [0x0000000708c00000, 0x0000000710700000, 0x0000000782f00000)
  object space 125952K, 7% used [0x0000000708c00000,0x000000070955c848,0x0000000710700000)
 Metaspace       used 19762K, capacity 20044K, committed 20352K, reserved 1067008K
  class space    used 2514K, capacity 2594K, committed 2688K, reserved 1048576K
Event: 29.030 GC heap after
Heap after GC invocations=14 (full 0):
 PSYoungGen      total 975360K, used 64K [0x0000000782f00000, 0x00000007bf400000, 0x00000007c0000000)
  eden space 962560K, 0% used [0x0000000782f00000,0x0000000782f00000,0x00000007bdb00000)
  from space 12800K, 0% used [0x00000007be780000,0x00000007be790000,0x00000007bf400000)
  to   space 12800K, 0% used [0x00000007bdb00000,0x00000007bdb00000,0x00000007be780000)
 ParOldGen       total 125952K, used 9594K [0x0000000708c00000, 0x0000000710700000, 0x0000000782f00000)
  object space 125952K, 7% used [0x0000000708c00000,0x000000070955e848,0x0000000710700000)
 Metaspace       used 19762K, capacity 20044K, committed 20352K, reserved 1067008K
  class space    used 2514K, capacity 2594K, committed 2688K, reserved 1048576K
}
Event: 29.921 GC heap before
{Heap before GC invocations=15 (full 0):
 PSYoungGen      total 975360K, used 962624K [0x0000000782f00000, 0x00000007bf400000, 0x00000007c0000000)
  eden space 962560K, 100% used [0x0000000782f00000,0x00000007bdb00000,0x00000007bdb00000)
  from space 12800K, 0% used [0x00000007be780000,0x00000007be790000,0x00000007bf400000)
  to   space 12800K, 0% used [0x00000007bdb00000,0x00000007bdb00000,0x00000007be780000)
 ParOldGen       total 125952K, used 9594K [0x0000000708c00000, 0x0000000710700000, 0x0000000782f00000)
  object space 125952K, 7% used [0x0000000708c00000,0x000000070955e848,0x0000000710700000)
 Metaspace       used 19765K, capacity 20044K, committed 20352K, reserved 1067008K
  class space    used 2514K, capacity 2594K, committed 2688K, reserved 1048576K
Event: 29.938 GC heap after
Heap after GC invocations=15 (full 0):
 PSYoungGen      total 975360K, used 64K [0x0000000782f00000, 0x00000007bf400000, 0x00000007c0000000)
  eden space 962560K, 0% used [0x0000000782f00000,0x0000000782f00000,0x00000007bdb00000)
  from space 12800K, 0% used [0x00000007bdb00000,0x00000007bdb10000,0x00000007be780000)
  to   space 12800K, 0% used [0x00000007be780000,0x00000007be780000,0x00000007bf400000)
 ParOldGen       total 125952K, used 9602K [0x0000000708c00000, 0x0000000710700000, 0x0000000782f00000)
  object space 125952K, 7% used [0x0000000708c00000,0x0000000709560848,0x0000000710700000)
 Metaspace       used 19765K, capacity 20044K, committed 20352K, reserved 1067008K
  class space    used 2514K, capacity 2594K, committed 2688K, reserved 1048576K
}

