Heap:
 PSYoungGen      total 125952K, used 107367K [0x0000000782f00000, 0x000000078ae00000, 0x00000007c0000000)
  eden space 121856K, 88% used [0x0000000782f00000,0x00000007897c9c28,0x000000078a600000)
  from space 4096K, 1% used [0x000000078aa00000,0x000000078aa10000,0x000000078ae00000)
  to   space 4096K, 0% used [0x000000078a600000,0x000000078a600000,0x000000078aa00000)
 ParOldGen       total 125952K, used 9229K [0x0000000708c00000, 0x0000000710700000, 0x0000000782f00000)
  object space 125952K, 7% used [0x0000000708c00000,0x0000000709503738,0x0000000710700000)
 Metaspace       used 19583K, capacity 19806K, committed 20096K, reserved 1067008K
  class space    used 2482K, capacity 2563K, committed 2688K, reserved 1048576K
GC Heap History (10 events):
Event: 27.946 GC heap before
{Heap before GC invocations=70 (full 0):
 PSYoungGen      total 125952K, used 121920K [0x0000000782f00000, 0x000000078ae00000, 0x00000007c0000000)
  eden space 121856K, 100% used [0x0000000782f00000,0x000000078a600000,0x000000078a600000)
  from space 4096K, 1% used [0x000000078a600000,0x000000078a610000,0x000000078aa00000)
  to   space 4096K, 0% used [0x000000078aa00000,0x000000078aa00000,0x000000078ae00000)
 ParOldGen       total 125952K, used 9229K [0x0000000708c00000, 0x0000000710700000, 0x0000000782f00000)
  object space 125952K, 7% used [0x0000000708c00000,0x0000000709503738,0x0000000710700000)
 Metaspace       used 19580K, capacity 19806K, committed 20096K, reserved 1067008K
  class space    used 2482K, capacity 2563K, committed 2688K, reserved 1048576K
Event: 27.948 GC heap after
Heap after GC invocations=70 (full 0):
 PSYoungGen      total 125952K, used 96K [0x0000000782f00000, 0x000000078ae00000, 0x00000007c0000000)
  eden space 121856K, 0% used [0x0000000782f00000,0x0000000782f00000,0x000000078a600000)
  from space 4096K, 2% used [0x000000078aa00000,0x000000078aa18000,0x000000078ae00000)
  to   space 4096K, 0% used [0x000000078a600000,0x000000078a600000,0x000000078aa00000)
 ParOldGen       total 125952K, used 9229K [0x0000000708c00000, 0x0000000710700000, 0x0000000782f00000)
  object space 125952K, 7% used [0x0000000708c00000,0x0000000709503738,0x0000000710700000)
 Metaspace       used 19580K, capacity 19806K, committed 20096K, reserved 1067008K
  class space    used 2482K, capacity 2563K, committed 2688K, reserved 1048576K
}
Event: 28.075 GC heap before
{Heap before GC invocations=71 (full 0):
 PSYoungGen      total 125952K, used 121952K [0x0000000782f00000, 0x000000078ae00000, 0x00000007c0000000)
  eden space 121856K, 100% used [0x0000000782f00000,0x000000078a600000,0x000000078a600000)
  from space 4096K, 2% used [0x000000078aa00000,0x000000078aa18000,0x000000078ae00000)
  to   space 4096K, 0% used [0x000000078a600000,0x000000078a600000,0x000000078aa00000)
 ParOldGen       total 125952K, used 9229K [0x0000000708c00000, 0x0000000710700000, 0x0000000782f00000)
  object space 125952K, 7% used [0x0000000708c00000,0x0000000709503738,0x0000000710700000)
 Metaspace       used 19580K, capacity 19806K, committed 20096K, reserved 1067008K
  class space    used 2482K, capacity 2563K, committed 2688K, reserved 1048576K
Event: 28.077 GC heap after
Heap after GC invocations=71 (full 0):
 PSYoungGen      total 125952K, used 64K [0x0000000782f00000, 0x000000078ae00000, 0x00000007c0000000)
  eden space 121856K, 0% used [0x0000000782f00000,0x0000000782f00000,0x000000078a600000)
  from space 4096K, 1% used [0x000000078a600000,0x000000078a610000,0x000000078aa00000)
  to   space 4096K, 0% used [0x000000078aa00000,0x000000078aa00000,0x000000078ae00000)
 ParOldGen       total 125952K, used 9229K [0x0000000708c00000, 0x0000000710700000, 0x0000000782f00000)
  object space 125952K, 7% used [0x0000000708c00000,0x0000000709503738,0x0000000710700000)
 Metaspace       used 19580K, capacity 19806K, committed 20096K, reserved 1067008K
  class space    used 2482K, capacity 2563K, committed 2688K, reserved 1048576K
}
Event: 28.217 GC heap before
{Heap before GC invocations=72 (full 0):
 PSYoungGen      total 125952K, used 121920K [0x0000000782f00000, 0x000000078ae00000, 0x00000007c0000000)
  eden space 121856K, 100% used [0x0000000782f00000,0x000000078a600000,0x000000078a600000)
  from space 4096K, 1% used [0x000000078a600000,0x000000078a610000,0x000000078aa00000)
  to   space 4096K, 0% used [0x000000078aa00000,0x000000078aa00000,0x000000078ae00000)
 ParOldGen       total 125952K, used 9229K [0x0000000708c00000, 0x0000000710700000, 0x0000000782f00000)
  object space 125952K, 7% used [0x0000000708c00000,0x0000000709503738,0x0000000710700000)
 Metaspace       used 19580K, capacity 19806K, committed 20096K, reserved 1067008K
  class space    used 2482K, capacity 2563K, committed 2688K, reserved 1048576K
Event: 28.220 GC heap after
Heap after GC invocations=72 (full 0):
 PSYoungGen      total 125952K, used 32K [0x0000000782f00000, 0x000000078ae00000, 0x00000007c0000000)
  eden space 121856K, 0% used [0x0000000782f00000,0x0000000782f00000,0x000000078a600000)
  from space 4096K, 0% used [0x000000078aa00000,0x000000078aa08000,0x000000078ae00000)
  to   space 4096K, 0% used [0x000000078a600000,0x000000078a600000,0x000000078aa00000)
 ParOldGen       total 125952K, used 9229K [0x0000000708c00000, 0x0000000710700000, 0x0000000782f00000)
  object space 125952K, 7% used [0x0000000708c00000,0x0000000709503738,0x0000000710700000)
 Metaspace       used 19580K, capacity 19806K, committed 20096K, reserved 1067008K
  class space    used 2482K, capacity 2563K, committed 2688K, reserved 1048576K
}
Event: 28.360 GC heap before
{Heap before GC invocations=73 (full 0):
 PSYoungGen      total 125952K, used 121888K [0x0000000782f00000, 0x000000078ae00000, 0x00000007c0000000)
  eden space 121856K, 100% used [0x0000000782f00000,0x000000078a600000,0x000000078a600000)
  from space 4096K, 0% used [0x000000078aa00000,0x000000078aa08000,0x000000078ae00000)
  to   space 4096K, 0% used [0x000000078a600000,0x000000078a600000,0x000000078aa00000)
 ParOldGen       total 125952K, used 9229K [0x0000000708c00000, 0x0000000710700000, 0x0000000782f00000)
  object space 125952K, 7% used [0x0000000708c00000,0x0000000709503738,0x0000000710700000)
 Metaspace       used 19580K, capacity 19806K, committed 20096K, reserved 1067008K
  class space    used 2482K, capacity 2563K, committed 2688K, reserved 1048576K
Event: 28.362 GC heap after
Heap after GC invocations=73 (full 0):
 PSYoungGen      total 125952K, used 64K [0x0000000782f00000, 0x000000078ae00000, 0x00000007c0000000)
  eden space 121856K, 0% used [0x0000000782f00000,0x0000000782f00000,0x000000078a600000)
  from space 4096K, 1% used [0x000000078a600000,0x000000078a610000,0x000000078aa00000)
  to   space 4096K, 0% used [0x000000078aa00000,0x000000078aa00000,0x000000078ae00000)
 ParOldGen       total 125952K, used 9229K [0x0000000708c00000, 0x0000000710700000, 0x0000000782f00000)
  object space 125952K, 7% used [0x0000000708c00000,0x0000000709503738,0x0000000710700000)
 Metaspace       used 19580K, capacity 19806K, committed 20096K, reserved 1067008K
  class space    used 2482K, capacity 2563K, committed 2688K, reserved 1048576K
}
Event: 28.497 GC heap before
{Heap before GC invocations=74 (full 0):
 PSYoungGen      total 125952K, used 121920K [0x0000000782f00000, 0x000000078ae00000, 0x00000007c0000000)
  eden space 121856K, 100% used [0x0000000782f00000,0x000000078a600000,0x000000078a600000)
  from space 4096K, 1% used [0x000000078a600000,0x000000078a610000,0x000000078aa00000)
  to   space 4096K, 0% used [0x000000078aa00000,0x000000078aa00000,0x000000078ae00000)
 ParOldGen       total 125952K, used 9229K [0x0000000708c00000, 0x0000000710700000, 0x0000000782f00000)
  object space 125952K, 7% used [0x0000000708c00000,0x0000000709503738,0x0000000710700000)
 Metaspace       used 19580K, capacity 19806K, committed 20096K, reserved 1067008K
  class space    used 2482K, capacity 2563K, committed 2688K, reserved 1048576K
Event: 28.499 GC heap after
Heap after GC invocations=74 (full 0):
 PSYoungGen      total 125952K, used 64K [0x0000000782f00000, 0x000000078ae00000, 0x00000007c0000000)
  eden space 121856K, 0% used [0x0000000782f00000,0x0000000782f00000,0x000000078a600000)
  from space 4096K, 1% used [0x000000078aa00000,0x000000078aa10000,0x000000078ae00000)
  to   space 4096K, 0% used [0x000000078a600000,0x000000078a600000,0x000000078aa00000)
 ParOldGen       total 125952K, used 9229K [0x0000000708c00000, 0x0000000710700000, 0x0000000782f00000)
  object space 125952K, 7% used [0x0000000708c00000,0x0000000709503738,0x0000000710700000)
 Metaspace       used 19580K, capacity 19806K, committed 20096K, reserved 1067008K
  class space    used 2482K, capacity 2563K, committed 2688K, reserved 1048576K
}

