# JRE version: Java(TM) SE Runtime Environment (8.0_231-b11) (build 1.8.0_231-b11)
# Java VM: Java HotSpot(TM) 64-Bit Server VM (25.231-b11 mixed mode windows-amd64 compressed oops)
Heap:
 PSYoungGen      total 364544K, used 166091K [0x0000000782f00000, 0x000000079c800000, 0x00000007c0000000)
  eden space 360960K, 45% used [0x0000000782f00000,0x000000078d11ad00,0x0000000798f80000)
  from space 3584K, 2% used [0x000000079c480000,0x000000079c498000,0x000000079c800000)
  to   space 8704K, 0% used [0x0000000798f80000,0x0000000798f80000,0x0000000799800000)
 ParOldGen       total 125952K, used 9326K [0x0000000708c00000, 0x0000000710700000, 0x0000000782f00000)
  object space 125952K, 7% used [0x0000000708c00000,0x000000070951b9c0,0x0000000710700000)
 Metaspace       used 20519K, capacity 20776K, committed 21248K, reserved 1069056K
  class space    used 2607K, capacity 2692K, committed 2816K, reserved 1048576K
GC Heap History (10 events):
Event: 38.683 GC heap before
{Heap before GC invocations=42 (full 0):
 PSYoungGen      total 369664K, used 361088K [0x0000000782f00000, 0x000000079c800000, 0x00000007c0000000)
  eden space 360960K, 100% used [0x0000000782f00000,0x0000000798f80000,0x0000000798f80000)
  from space 8704K, 1% used [0x0000000798f80000,0x0000000798fa0000,0x0000000799800000)
  to   space 3584K, 0% used [0x000000079c480000,0x000000079c480000,0x000000079c800000)
 ParOldGen       total 125952K, used 9246K [0x0000000708c00000, 0x0000000710700000, 0x0000000782f00000)
  object space 125952K, 7% used [0x0000000708c00000,0x0000000709507990,0x0000000710700000)
 Metaspace       used 20467K, capacity 20776K, committed 21248K, reserved 1069056K
  class space    used 2607K, capacity 2692K, committed 2816K, reserved 1048576K
Event: 38.708 GC heap after
Heap after GC invocations=42 (full 0):
 PSYoungGen      total 364544K, used 96K [0x0000000782f00000, 0x000000079c800000, 0x00000007c0000000)
  eden space 360960K, 0% used [0x0000000782f00000,0x0000000782f00000,0x0000000798f80000)
  from space 3584K, 2% used [0x000000079c480000,0x000000079c498000,0x000000079c800000)
  to   space 8704K, 0% used [0x0000000798f80000,0x0000000798f80000,0x0000000799800000)
 ParOldGen       total 125952K, used 9278K [0x0000000708c00000, 0x0000000710700000, 0x0000000782f00000)
  object space 125952K, 7% used [0x0000000708c00000,0x000000070950f990,0x0000000710700000)
 Metaspace       used 20467K, capacity 20776K, committed 21248K, reserved 1069056K
  class space    used 2607K, capacity 2692K, committed 2816K, reserved 1048576K
}
Event: 38.952 GC heap before
{Heap before GC invocations=43 (full 0):
 PSYoungGen      total 364544K, used 361056K [0x0000000782f00000, 0x000000079c800000, 0x00000007c0000000)
  eden space 360960K, 100% used [0x0000000782f00000,0x0000000798f80000,0x0000000798f80000)
  from space 3584K, 2% used [0x000000079c480000,0x000000079c498000,0x000000079c800000)
  to   space 8704K, 0% used [0x0000000798f80000,0x0000000798f80000,0x0000000799800000)
 ParOldGen       total 125952K, used 9278K [0x0000000708c00000, 0x0000000710700000, 0x0000000782f00000)
  object space 125952K, 7% used [0x0000000708c00000,0x000000070950f990,0x0000000710700000)
 Metaspace       used 20467K, capacity 20776K, committed 21248K, reserved 1069056K
  class space    used 2607K, capacity 2692K, committed 2816K, reserved 1048576K
Event: 38.958 GC heap after
Heap after GC invocations=43 (full 0):
 PSYoungGen      total 369664K, used 96K [0x0000000782f00000, 0x000000079c800000, 0x00000007c0000000)
  eden space 360960K, 0% used [0x0000000782f00000,0x0000000782f00000,0x0000000798f80000)
  from space 8704K, 1% used [0x0000000798f80000,0x0000000798f98000,0x0000000799800000)
  to   space 3584K, 0% used [0x000000079c480000,0x000000079c480000,0x000000079c800000)
 ParOldGen       total 125952K, used 9294K [0x0000000708c00000, 0x0000000710700000, 0x0000000782f00000)
  object space 125952K, 7% used [0x0000000708c00000,0x0000000709513990,0x0000000710700000)
 Metaspace       used 20467K, capacity 20776K, committed 21248K, reserved 1069056K
  class space    used 2607K, capacity 2692K, committed 2816K, reserved 1048576K
}
Event: 39.220 GC heap before
{Heap before GC invocations=44 (full 0):
 PSYoungGen      total 369664K, used 361056K [0x0000000782f00000, 0x000000079c800000, 0x00000007c0000000)
  eden space 360960K, 100% used [0x0000000782f00000,0x0000000798f80000,0x0000000798f80000)
  from space 8704K, 1% used [0x0000000798f80000,0x0000000798f98000,0x0000000799800000)
  to   space 3584K, 0% used [0x000000079c480000,0x000000079c480000,0x000000079c800000)
 ParOldGen       total 125952K, used 9294K [0x0000000708c00000, 0x0000000710700000, 0x0000000782f00000)
  object space 125952K, 7% used [0x0000000708c00000,0x0000000709513990,0x0000000710700000)
 Metaspace       used 20481K, capacity 20776K, committed 21248K, reserved 1069056K
  class space    used 2607K, capacity 2692K, committed 2816K, reserved 1048576K
Event: 39.227 GC heap after
Heap after GC invocations=44 (full 0):
 PSYoungGen      total 364544K, used 96K [0x0000000782f00000, 0x000000079c800000, 0x00000007c0000000)
  eden space 360960K, 0% used [0x0000000782f00000,0x0000000782f00000,0x0000000798f80000)
  from space 3584K, 2% used [0x000000079c480000,0x000000079c498000,0x000000079c800000)
  to   space 8704K, 0% used [0x0000000798f80000,0x0000000798f80000,0x0000000799800000)
 ParOldGen       total 125952K, used 9294K [0x0000000708c00000, 0x0000000710700000, 0x0000000782f00000)
  object space 125952K, 7% used [0x0000000708c00000,0x0000000709513990,0x0000000710700000)
 Metaspace       used 20481K, capacity 20776K, committed 21248K, reserved 1069056K
  class space    used 2607K, capacity 2692K, committed 2816K, reserved 1048576K
}
Event: 39.468 GC heap before
{Heap before GC invocations=45 (full 0):
 PSYoungGen      total 364544K, used 361056K [0x0000000782f00000, 0x000000079c800000, 0x00000007c0000000)
  eden space 360960K, 100% used [0x0000000782f00000,0x0000000798f80000,0x0000000798f80000)
  from space 3584K, 2% used [0x000000079c480000,0x000000079c498000,0x000000079c800000)
  to   space 8704K, 0% used [0x0000000798f80000,0x0000000798f80000,0x0000000799800000)
 ParOldGen       total 125952K, used 9294K [0x0000000708c00000, 0x0000000710700000, 0x0000000782f00000)
  object space 125952K, 7% used [0x0000000708c00000,0x0000000709513990,0x0000000710700000)
 Metaspace       used 20482K, capacity 20776K, committed 21248K, reserved 1069056K
  class space    used 2607K, capacity 2692K, committed 2816K, reserved 1048576K
Event: 39.471 GC heap after
Heap after GC invocations=45 (full 0):
 PSYoungGen      total 369664K, used 96K [0x0000000782f00000, 0x000000079c800000, 0x00000007c0000000)
  eden space 360960K, 0% used [0x0000000782f00000,0x0000000782f00000,0x0000000798f80000)
  from space 8704K, 1% used [0x0000000798f80000,0x0000000798f98000,0x0000000799800000)
  to   space 3584K, 0% used [0x000000079c480000,0x000000079c480000,0x000000079c800000)
 ParOldGen       total 125952K, used 9318K [0x0000000708c00000, 0x0000000710700000, 0x0000000782f00000)
  object space 125952K, 7% used [0x0000000708c00000,0x0000000709519990,0x0000000710700000)
 Metaspace       used 20482K, capacity 20776K, committed 21248K, reserved 1069056K
  class space    used 2607K, capacity 2692K, committed 2816K, reserved 1048576K
}
Event: 39.732 GC heap before
{Heap before GC invocations=46 (full 0):
 PSYoungGen      total 369664K, used 361056K [0x0000000782f00000, 0x000000079c800000, 0x00000007c0000000)
  eden space 360960K, 100% used [0x0000000782f00000,0x0000000798f80000,0x0000000798f80000)
  from space 8704K, 1% used [0x0000000798f80000,0x0000000798f98000,0x0000000799800000)
  to   space 3584K, 0% used [0x000000079c480000,0x000000079c480000,0x000000079c800000)
 ParOldGen       total 125952K, used 9318K [0x0000000708c00000, 0x0000000710700000, 0x0000000782f00000)
  object space 125952K, 7% used [0x0000000708c00000,0x00000007095199c0,0x0000000710700000)
 Metaspace       used 20497K, capacity 20776K, committed 21248K, reserved 1069056K
  class space    used 2607K, capacity 2692K, committed 2816K, reserved 1048576K
Event: 39.764 GC heap after
Heap after GC invocations=46 (full 0):
 PSYoungGen      total 364544K, used 96K [0x0000000782f00000, 0x000000079c800000, 0x00000007c0000000)
  eden space 360960K, 0% used [0x0000000782f00000,0x0000000782f00000,0x0000000798f80000)
  from space 3584K, 2% used [0x000000079c480000,0x000000079c498000,0x000000079c800000)
  to   space 8704K, 0% used [0x0000000798f80000,0x0000000798f80000,0x0000000799800000)
 ParOldGen       total 125952K, used 9326K [0x0000000708c00000, 0x0000000710700000, 0x0000000782f00000)
  object space 125952K, 7% used [0x0000000708c00000,0x000000070951b9c0,0x0000000710700000)
 Metaspace       used 20497K, capacity 20776K, committed 21248K, reserved 1069056K
  class space    used 2607K, capacity 2692K, committed 2816K, reserved 1048576K
}

