# JRE version: Java(TM) SE Runtime Environment (8.0_231-b11) (build 1.8.0_231-b11)
# Java VM: Java HotSpot(TM) 64-Bit Server VM (25.231-b11 mixed mode windows-amd64 compressed oops)
Heap:
 PSYoungGen      total 97792K, used 94368K [0x0000000782f00000, 0x0000000789200000, 0x00000007c0000000)
  eden space 94208K, 100% used [0x0000000782f00000,0x0000000788b00000,0x0000000788b00000)
  from space 3584K, 4% used [0x0000000788b00000,0x0000000788b28000,0x0000000788e80000)
  to   space 3584K, 0% used [0x0000000788e80000,0x0000000788e80000,0x0000000789200000)
 ParOldGen       total 125952K, used 10109K [0x0000000708c00000, 0x0000000710700000, 0x0000000782f00000)
  object space 125952K, 8% used [0x0000000708c00000,0x00000007095df628,0x0000000710700000)
 Metaspace       used 19863K, capacity 20156K, committed 20352K, reserved 1067008K
  class space    used 2513K, capacity 2592K, committed 2688K, reserved 1048576K
GC Heap History (10 events):
Event: 23.034 GC heap before
{Heap before GC invocations=48 (full 0):
 PSYoungGen      total 97792K, used 94368K [0x0000000782f00000, 0x0000000789200000, 0x00000007c0000000)
  eden space 94208K, 100% used [0x0000000782f00000,0x0000000788b00000,0x0000000788b00000)
  from space 3584K, 4% used [0x0000000788b00000,0x0000000788b28000,0x0000000788e80000)
  to   space 3584K, 0% used [0x0000000788e80000,0x0000000788e80000,0x0000000789200000)
 ParOldGen       total 125952K, used 10037K [0x0000000708c00000, 0x0000000710700000, 0x0000000782f00000)
  object space 125952K, 7% used [0x0000000708c00000,0x00000007095cd628,0x0000000710700000)
 Metaspace       used 19785K, capacity 20092K, committed 20352K, reserved 1067008K
  class space    used 2510K, capacity 2592K, committed 2688K, reserved 1048576K
Event: 23.036 GC heap after
Heap after GC invocations=48 (full 0):
 PSYoungGen      total 97792K, used 64K [0x0000000782f00000, 0x0000000789200000, 0x00000007c0000000)
  eden space 94208K, 0% used [0x0000000782f00000,0x0000000782f00000,0x0000000788b00000)
  from space 3584K, 1% used [0x0000000788e80000,0x0000000788e90000,0x0000000789200000)
  to   space 3584K, 0% used [0x0000000788b00000,0x0000000788b00000,0x0000000788e80000)
 ParOldGen       total 125952K, used 10061K [0x0000000708c00000, 0x0000000710700000, 0x0000000782f00000)
  object space 125952K, 7% used [0x0000000708c00000,0x00000007095d3628,0x0000000710700000)
 Metaspace       used 19785K, capacity 20092K, committed 20352K, reserved 1067008K
  class space    used 2510K, capacity 2592K, committed 2688K, reserved 1048576K
}
Event: 23.095 GC heap before
{Heap before GC invocations=49 (full 0):
 PSYoungGen      total 97792K, used 94272K [0x0000000782f00000, 0x0000000789200000, 0x00000007c0000000)
  eden space 94208K, 100% used [0x0000000782f00000,0x0000000788b00000,0x0000000788b00000)
  from space 3584K, 1% used [0x0000000788e80000,0x0000000788e90000,0x0000000789200000)
  to   space 3584K, 0% used [0x0000000788b00000,0x0000000788b00000,0x0000000788e80000)
 ParOldGen       total 125952K, used 10061K [0x0000000708c00000, 0x0000000710700000, 0x0000000782f00000)
  object space 125952K, 7% used [0x0000000708c00000,0x00000007095d3628,0x0000000710700000)
 Metaspace       used 19785K, capacity 20092K, committed 20352K, reserved 1067008K
  class space    used 2510K, capacity 2592K, committed 2688K, reserved 1048576K
Event: 23.097 GC heap after
Heap after GC invocations=49 (full 0):
 PSYoungGen      total 97792K, used 64K [0x0000000782f00000, 0x0000000789200000, 0x00000007c0000000)
  eden space 94208K, 0% used [0x0000000782f00000,0x0000000782f00000,0x0000000788b00000)
  from space 3584K, 1% used [0x0000000788b00000,0x0000000788b10000,0x0000000788e80000)
  to   space 3584K, 0% used [0x0000000788e80000,0x0000000788e80000,0x0000000789200000)
 ParOldGen       total 125952K, used 10085K [0x0000000708c00000, 0x0000000710700000, 0x0000000782f00000)
  object space 125952K, 8% used [0x0000000708c00000,0x00000007095d9628,0x0000000710700000)
 Metaspace       used 19785K, capacity 20092K, committed 20352K, reserved 1067008K
  class space    used 2510K, capacity 2592K, committed 2688K, reserved 1048576K
}
Event: 23.158 GC heap before
{Heap before GC invocations=50 (full 0):
 PSYoungGen      total 97792K, used 94272K [0x0000000782f00000, 0x0000000789200000, 0x00000007c0000000)
  eden space 94208K, 100% used [0x0000000782f00000,0x0000000788b00000,0x0000000788b00000)
  from space 3584K, 1% used [0x0000000788b00000,0x0000000788b10000,0x0000000788e80000)
  to   space 3584K, 0% used [0x0000000788e80000,0x0000000788e80000,0x0000000789200000)
 ParOldGen       total 125952K, used 10085K [0x0000000708c00000, 0x0000000710700000, 0x0000000782f00000)
  object space 125952K, 8% used [0x0000000708c00000,0x00000007095d9628,0x0000000710700000)
 Metaspace       used 19785K, capacity 20092K, committed 20352K, reserved 1067008K
  class space    used 2510K, capacity 2592K, committed 2688K, reserved 1048576K
Event: 23.160 GC heap after
Heap after GC invocations=50 (full 0):
 PSYoungGen      total 97792K, used 128K [0x0000000782f00000, 0x0000000789200000, 0x00000007c0000000)
  eden space 94208K, 0% used [0x0000000782f00000,0x0000000782f00000,0x0000000788b00000)
  from space 3584K, 3% used [0x0000000788e80000,0x0000000788ea0000,0x0000000789200000)
  to   space 3584K, 0% used [0x0000000788b00000,0x0000000788b00000,0x0000000788e80000)
 ParOldGen       total 125952K, used 10085K [0x0000000708c00000, 0x0000000710700000, 0x0000000782f00000)
  object space 125952K, 8% used [0x0000000708c00000,0x00000007095d9628,0x0000000710700000)
 Metaspace       used 19785K, capacity 20092K, committed 20352K, reserved 1067008K
  class space    used 2510K, capacity 2592K, committed 2688K, reserved 1048576K
}
Event: 23.220 GC heap before
{Heap before GC invocations=51 (full 0):
 PSYoungGen      total 97792K, used 94336K [0x0000000782f00000, 0x0000000789200000, 0x00000007c0000000)
  eden space 94208K, 100% used [0x0000000782f00000,0x0000000788b00000,0x0000000788b00000)
  from space 3584K, 3% used [0x0000000788e80000,0x0000000788ea0000,0x0000000789200000)
  to   space 3584K, 0% used [0x0000000788b00000,0x0000000788b00000,0x0000000788e80000)
 ParOldGen       total 125952K, used 10085K [0x0000000708c00000, 0x0000000710700000, 0x0000000782f00000)
  object space 125952K, 8% used [0x0000000708c00000,0x00000007095d9628,0x0000000710700000)
 Metaspace       used 19785K, capacity 20092K, committed 20352K, reserved 1067008K
  class space    used 2510K, capacity 2592K, committed 2688K, reserved 1048576K
Event: 23.223 GC heap after
Heap after GC invocations=51 (full 0):
 PSYoungGen      total 97792K, used 64K [0x0000000782f00000, 0x0000000789200000, 0x00000007c0000000)
  eden space 94208K, 0% used [0x0000000782f00000,0x0000000782f00000,0x0000000788b00000)
  from space 3584K, 1% used [0x0000000788b00000,0x0000000788b10000,0x0000000788e80000)
  to   space 3584K, 0% used [0x0000000788e80000,0x0000000788e80000,0x0000000789200000)
 ParOldGen       total 125952K, used 10085K [0x0000000708c00000, 0x0000000710700000, 0x0000000782f00000)
  object space 125952K, 8% used [0x0000000708c00000,0x00000007095d9628,0x0000000710700000)
 Metaspace       used 19785K, capacity 20092K, committed 20352K, reserved 1067008K
  class space    used 2510K, capacity 2592K, committed 2688K, reserved 1048576K
}
Event: 23.281 GC heap before
{Heap before GC invocations=52 (full 0):
 PSYoungGen      total 97792K, used 94272K [0x0000000782f00000, 0x0000000789200000, 0x00000007c0000000)
  eden space 94208K, 100% used [0x0000000782f00000,0x0000000788b00000,0x0000000788b00000)
  from space 3584K, 1% used [0x0000000788b00000,0x0000000788b10000,0x0000000788e80000)
  to   space 3584K, 0% used [0x0000000788e80000,0x0000000788e80000,0x0000000789200000)
 ParOldGen       total 125952K, used 10085K [0x0000000708c00000, 0x0000000710700000, 0x0000000782f00000)
  object space 125952K, 8% used [0x0000000708c00000,0x00000007095d9628,0x0000000710700000)
 Metaspace       used 19785K, capacity 20092K, committed 20352K, reserved 1067008K
  class space    used 2510K, capacity 2592K, committed 2688K, reserved 1048576K
Event: 23.283 GC heap after
Heap after GC invocations=52 (full 0):
 PSYoungGen      total 97792K, used 96K [0x0000000782f00000, 0x0000000789200000, 0x00000007c0000000)
  eden space 94208K, 0% used [0x0000000782f00000,0x0000000782f00000,0x0000000788b00000)
  from space 3584K, 2% used [0x0000000788e80000,0x0000000788e98000,0x0000000789200000)
  to   space 3584K, 0% used [0x0000000788b00000,0x0000000788b00000,0x0000000788e80000)
 ParOldGen       total 125952K, used 10085K [0x0000000708c00000, 0x0000000710700000, 0x0000000782f00000)
  object space 125952K, 8% used [0x0000000708c00000,0x00000007095d9628,0x0000000710700000)
 Metaspace       used 19785K, capacity 20092K, committed 20352K, reserved 1067008K
  class space    used 2510K, capacity 2592K, committed 2688K, reserved 1048576K
}

