# JRE version: Java(TM) SE Runtime Environment (8.0_231-b11) (build 1.8.0_231-b11)
# Java VM: Java HotSpot(TM) 64-Bit Server VM (25.231-b11 mixed mode windows-amd64 compressed oops)
Heap:
 PSYoungGen      total 6656K, used 2554K [0x0000000782f00000, 0x0000000783800000, 0x00000007c0000000)
  eden space 5632K, 28% used [0x0000000782f00000,0x0000000783092830,0x0000000783480000)
  from space 1024K, 92% used [0x0000000783600000,0x00000007836ec020,0x0000000783700000)
  to   space 1536K, 0% used [0x0000000783480000,0x0000000783480000,0x0000000783600000)
 ParOldGen       total 5632K, used 1004K [0x0000000708c00000, 0x0000000709180000, 0x0000000782f00000)
  object space 5632K, 17% used [0x0000000708c00000,0x0000000708cfb0c0,0x0000000709180000)
 Metaspace       used 7279K, capacity 8244K, committed 8448K, reserved 1056768K
  class space    used 889K, capacity 944K, committed 1024K, reserved 1048576K
GC Heap History (10 events):
Event: 0.925 GC heap before
{Heap before GC invocations=2 (full 0):
 PSYoungGen      total 2048K, used 2048K [0x0000000782f00000, 0x0000000783180000, 0x00000007c0000000)
  eden space 1536K, 100% used [0x0000000782f00000,0x0000000783080000,0x0000000783080000)
  from space 512K, 100% used [0x0000000783080000,0x0000000783100000,0x0000000783100000)
  to   space 512K, 0% used [0x0000000783100000,0x0000000783100000,0x0000000783180000)
 ParOldGen       total 5632K, used 24K [0x0000000708c00000, 0x0000000709180000, 0x0000000782f00000)
  object space 5632K, 0% used [0x0000000708c00000,0x0000000708c06000,0x0000000709180000)
 Metaspace       used 3992K, capacity 5388K, committed 5760K, reserved 1056768K
  class space    used 472K, capacity 520K, committed 640K, reserved 1048576K
Event: 0.929 GC heap after
Heap after GC invocations=2 (full 0):
 PSYoungGen      total 2048K, used 480K [0x0000000782f00000, 0x0000000783300000, 0x00000007c0000000)
  eden space 1536K, 0% used [0x0000000782f00000,0x0000000782f00000,0x0000000783080000)
  from space 512K, 93% used [0x0000000783100000,0x0000000783178020,0x0000000783180000)
  to   space 512K, 0% used [0x0000000783080000,0x0000000783080000,0x0000000783100000)
 ParOldGen       total 5632K, used 96K [0x0000000708c00000, 0x0000000709180000, 0x0000000782f00000)
  object space 5632K, 1% used [0x0000000708c00000,0x0000000708c18000,0x0000000709180000)
 Metaspace       used 3992K, capacity 5388K, committed 5760K, reserved 1056768K
  class space    used 472K, capacity 520K, committed 640K, reserved 1048576K
}
Event: 1.088 GC heap before
{Heap before GC invocations=3 (full 0):
 PSYoungGen      total 2048K, used 2016K [0x0000000782f00000, 0x0000000783300000, 0x00000007c0000000)
  eden space 1536K, 100% used [0x0000000782f00000,0x0000000783080000,0x0000000783080000)
  from space 512K, 93% used [0x0000000783100000,0x0000000783178020,0x0000000783180000)
  to   space 512K, 0% used [0x0000000783080000,0x0000000783080000,0x0000000783100000)
 ParOldGen       total 5632K, used 96K [0x0000000708c00000, 0x0000000709180000, 0x0000000782f00000)
  object space 5632K, 1% used [0x0000000708c00000,0x0000000708c18000,0x0000000709180000)
 Metaspace       used 4478K, capacity 5772K, committed 6016K, reserved 1056768K
  class space    used 548K, capacity 584K, committed 640K, reserved 1048576K
Event: 1.100 GC heap after
Heap after GC invocations=3 (full 0):
 PSYoungGen      total 2048K, used 480K [0x0000000782f00000, 0x0000000783300000, 0x00000007c0000000)
  eden space 1536K, 0% used [0x0000000782f00000,0x0000000782f00000,0x0000000783080000)
  from space 512K, 93% used [0x0000000783080000,0x00000007830f8010,0x0000000783100000)
  to   space 512K, 0% used [0x0000000783280000,0x0000000783280000,0x0000000783300000)
 ParOldGen       total 5632K, used 487K [0x0000000708c00000, 0x0000000709180000, 0x0000000782f00000)
  object space 5632K, 8% used [0x0000000708c00000,0x0000000708c79fb0,0x0000000709180000)
 Metaspace       used 4478K, capacity 5772K, committed 6016K, reserved 1056768K
  class space    used 548K, capacity 584K, committed 640K, reserved 1048576K
}
Event: 1.229 GC heap before
{Heap before GC invocations=4 (full 0):
 PSYoungGen      total 2048K, used 1982K [0x0000000782f00000, 0x0000000783300000, 0x00000007c0000000)
  eden space 1536K, 97% used [0x0000000782f00000,0x0000000783077870,0x0000000783080000)
  from space 512K, 93% used [0x0000000783080000,0x00000007830f8010,0x0000000783100000)
  to   space 512K, 0% used [0x0000000783280000,0x0000000783280000,0x0000000783300000)
 ParOldGen       total 5632K, used 487K [0x0000000708c00000, 0x0000000709180000, 0x0000000782f00000)
  object space 5632K, 8% used [0x0000000708c00000,0x0000000708c79fb0,0x0000000709180000)
 Metaspace       used 4957K, capacity 6220K, committed 6400K, reserved 1056768K
  class space    used 608K, capacity 648K, committed 768K, reserved 1048576K
Event: 1.238 GC heap after
Heap after GC invocations=4 (full 0):
 PSYoungGen      total 3584K, used 496K [0x0000000782f00000, 0x0000000783300000, 0x00000007c0000000)
  eden space 3072K, 0% used [0x0000000782f00000,0x0000000782f00000,0x0000000783200000)
  from space 512K, 96% used [0x0000000783280000,0x00000007832fc020,0x0000000783300000)
  to   space 512K, 0% used [0x0000000783200000,0x0000000783200000,0x0000000783280000)
 ParOldGen       total 5632K, used 590K [0x0000000708c00000, 0x0000000709180000, 0x0000000782f00000)
  object space 5632K, 10% used [0x0000000708c00000,0x0000000708c93bc0,0x0000000709180000)
 Metaspace       used 4957K, capacity 6220K, committed 6400K, reserved 1056768K
  class space    used 608K, capacity 648K, committed 768K, reserved 1048576K
}
Event: 1.717 GC heap before
{Heap before GC invocations=5 (full 0):
 PSYoungGen      total 3584K, used 3568K [0x0000000782f00000, 0x0000000783300000, 0x00000007c0000000)
  eden space 3072K, 100% used [0x0000000782f00000,0x0000000783200000,0x0000000783200000)
  from space 512K, 96% used [0x0000000783280000,0x00000007832fc020,0x0000000783300000)
  to   space 512K, 0% used [0x0000000783200000,0x0000000783200000,0x0000000783280000)
 ParOldGen       total 5632K, used 590K [0x0000000708c00000, 0x0000000709180000, 0x0000000782f00000)
  object space 5632K, 10% used [0x0000000708c00000,0x0000000708c93bc0,0x0000000709180000)
 Metaspace       used 6058K, capacity 7276K, committed 7552K, reserved 1056768K
  class space    used 760K, capacity 808K, committed 896K, reserved 1048576K
Event: 1.721 GC heap after
Heap after GC invocations=5 (full 0):
 PSYoungGen      total 3584K, used 480K [0x0000000782f00000, 0x0000000783700000, 0x00000007c0000000)
  eden space 3072K, 0% used [0x0000000782f00000,0x0000000782f00000,0x0000000783200000)
  from space 512K, 93% used [0x0000000783200000,0x0000000783278030,0x0000000783280000)
  to   space 1024K, 0% used [0x0000000783600000,0x0000000783600000,0x0000000783700000)
 ParOldGen       total 5632K, used 996K [0x0000000708c00000, 0x0000000709180000, 0x0000000782f00000)
  object space 5632K, 17% used [0x0000000708c00000,0x0000000708cf90c0,0x0000000709180000)
 Metaspace       used 6058K, capacity 7276K, committed 7552K, reserved 1056768K
  class space    used 760K, capacity 808K, committed 896K, reserved 1048576K
}
Event: 2.044 GC heap before
{Heap before GC invocations=6 (full 0):
 PSYoungGen      total 3584K, used 3534K [0x0000000782f00000, 0x0000000783700000, 0x00000007c0000000)
  eden space 3072K, 99% used [0x0000000782f00000,0x00000007831fba38,0x0000000783200000)
  from space 512K, 93% used [0x0000000783200000,0x0000000783278030,0x0000000783280000)
  to   space 1024K, 0% used [0x0000000783600000,0x0000000783600000,0x0000000783700000)
 ParOldGen       total 5632K, used 996K [0x0000000708c00000, 0x0000000709180000, 0x0000000782f00000)
  object space 5632K, 17% used [0x0000000708c00000,0x0000000708cf90c0,0x0000000709180000)
 Metaspace       used 6838K, capacity 7860K, committed 8064K, reserved 1056768K
  class space    used 848K, capacity 880K, committed 896K, reserved 1048576K
Event: 2.051 GC heap after
Heap after GC invocations=6 (full 0):
 PSYoungGen      total 6656K, used 944K [0x0000000782f00000, 0x0000000783800000, 0x00000007c0000000)
  eden space 5632K, 0% used [0x0000000782f00000,0x0000000782f00000,0x0000000783480000)
  from space 1024K, 92% used [0x0000000783600000,0x00000007836ec020,0x0000000783700000)
  to   space 1536K, 0% used [0x0000000783480000,0x0000000783480000,0x0000000783600000)
 ParOldGen       total 5632K, used 1004K [0x0000000708c00000, 0x0000000709180000, 0x0000000782f00000)
  object space 5632K, 17% used [0x0000000708c00000,0x0000000708cfb0c0,0x0000000709180000)
 Metaspace       used 6838K, capacity 7860K, committed 8064K, reserved 1056768K
  class space    used 848K, capacity 880K, committed 896K, reserved 1048576K
}

