# JRE version: Java(TM) SE Runtime Environment (8.0_231-b11) (build 1.8.0_231-b11)
# Java VM: Java HotSpot(TM) 64-Bit Server VM (25.231-b11 mixed mode windows-amd64 compressed oops)
Heap:
 PSYoungGen      total 645120K, used 532468K [0x0000000782f00000, 0x00000007b4e80000, 0x00000007c0000000)
  eden space 638464K, 83% used [0x0000000782f00000,0x00000007a36d5388,0x00000007a9e80000)
  from space 6656K, 2% used [0x00000007aa480000,0x00000007aa4a8000,0x00000007aab00000)
  to   space 6144K, 0% used [0x00000007a9e80000,0x00000007a9e80000,0x00000007aa480000)
 ParOldGen       total 125952K, used 12762K [0x0000000708c00000, 0x0000000710700000, 0x0000000782f00000)
  object space 125952K, 10% used [0x0000000708c00000,0x0000000709876ac8,0x0000000710700000)
 Metaspace       used 20246K, capacity 20560K, committed 20864K, reserved 1067008K
  class space    used 2576K, capacity 2658K, committed 2688K, reserved 1048576K
GC Heap History (10 events):
Event: 33.359 GC heap before
{Heap before GC invocations=24 (full 0):
 PSYoungGen      total 582656K, used 576692K [0x0000000782f00000, 0x00000007aab00000, 0x00000007c0000000)
  eden space 576000K, 100% used [0x0000000782f00000,0x00000007a6180000,0x00000007a6180000)
  from space 6656K, 10% used [0x00000007a6180000,0x00000007a622d340,0x00000007a6800000)
  to   space 6656K, 0% used [0x00000007aa480000,0x00000007aa480000,0x00000007aab00000)
 ParOldGen       total 125952K, used 12314K [0x0000000708c00000, 0x0000000710700000, 0x0000000782f00000)
  object space 125952K, 9% used [0x0000000708c00000,0x0000000709806a98,0x0000000710700000)
 Metaspace       used 20040K, capacity 20368K, committed 20608K, reserved 1067008K
  class space    used 2567K, capacity 2658K, committed 2688K, reserved 1048576K
Event: 33.362 GC heap after
Heap after GC invocations=24 (full 0):
 PSYoungGen      total 645120K, used 160K [0x0000000782f00000, 0x00000007b4e80000, 0x00000007c0000000)
  eden space 638464K, 0% used [0x0000000782f00000,0x0000000782f00000,0x00000007a9e80000)
  from space 6656K, 2% used [0x00000007aa480000,0x00000007aa4a8000,0x00000007aab00000)
  to   space 6144K, 0% used [0x00000007a9e80000,0x00000007a9e80000,0x00000007aa480000)
 ParOldGen       total 125952K, used 12650K [0x0000000708c00000, 0x0000000710700000, 0x0000000782f00000)
  object space 125952K, 10% used [0x0000000708c00000,0x000000070985aac8,0x0000000710700000)
 Metaspace       used 20040K, capacity 20368K, committed 20608K, reserved 1067008K
  class space    used 2567K, capacity 2658K, committed 2688K, reserved 1048576K
}
Event: 33.747 GC heap before
{Heap before GC invocations=25 (full 0):
 PSYoungGen      total 645120K, used 638624K [0x0000000782f00000, 0x00000007b4e80000, 0x00000007c0000000)
  eden space 638464K, 100% used [0x0000000782f00000,0x00000007a9e80000,0x00000007a9e80000)
  from space 6656K, 2% used [0x00000007aa480000,0x00000007aa4a8000,0x00000007aab00000)
  to   space 6144K, 0% used [0x00000007a9e80000,0x00000007a9e80000,0x00000007aa480000)
 ParOldGen       total 125952K, used 12650K [0x0000000708c00000, 0x0000000710700000, 0x0000000782f00000)
  object space 125952K, 10% used [0x0000000708c00000,0x000000070985aac8,0x0000000710700000)
 Metaspace       used 20092K, capacity 20368K, committed 20608K, reserved 1067008K
  class space    used 2567K, capacity 2658K, committed 2688K, reserved 1048576K
Event: 33.749 GC heap after
Heap after GC invocations=25 (full 0):
 PSYoungGen      total 644608K, used 160K [0x0000000782f00000, 0x00000007b4e80000, 0x00000007c0000000)
  eden space 638464K, 0% used [0x0000000782f00000,0x0000000782f00000,0x00000007a9e80000)
  from space 6144K, 2% used [0x00000007a9e80000,0x00000007a9ea8000,0x00000007aa480000)
  to   space 6656K, 0% used [0x00000007aa480000,0x00000007aa480000,0x00000007aab00000)
 ParOldGen       total 125952K, used 12690K [0x0000000708c00000, 0x0000000710700000, 0x0000000782f00000)
  object space 125952K, 10% used [0x0000000708c00000,0x0000000709864ac8,0x0000000710700000)
 Metaspace       used 20092K, capacity 20368K, committed 20608K, reserved 1067008K
  class space    used 2567K, capacity 2658K, committed 2688K, reserved 1048576K
}
Event: 34.063 GC heap before
{Heap before GC invocations=26 (full 0):
 PSYoungGen      total 644608K, used 638624K [0x0000000782f00000, 0x00000007b4e80000, 0x00000007c0000000)
  eden space 638464K, 100% used [0x0000000782f00000,0x00000007a9e80000,0x00000007a9e80000)
  from space 6144K, 2% used [0x00000007a9e80000,0x00000007a9ea8000,0x00000007aa480000)
  to   space 6656K, 0% used [0x00000007aa480000,0x00000007aa480000,0x00000007aab00000)
 ParOldGen       total 125952K, used 12690K [0x0000000708c00000, 0x0000000710700000, 0x0000000782f00000)
  object space 125952K, 10% used [0x0000000708c00000,0x0000000709864ac8,0x0000000710700000)
 Metaspace       used 20092K, capacity 20368K, committed 20608K, reserved 1067008K
  class space    used 2567K, capacity 2658K, committed 2688K, reserved 1048576K
Event: 34.065 GC heap after
Heap after GC invocations=26 (full 0):
 PSYoungGen      total 645120K, used 96K [0x0000000782f00000, 0x00000007b4e80000, 0x00000007c0000000)
  eden space 638464K, 0% used [0x0000000782f00000,0x0000000782f00000,0x00000007a9e80000)
  from space 6656K, 1% used [0x00000007aa480000,0x00000007aa498000,0x00000007aab00000)
  to   space 6144K, 0% used [0x00000007a9e80000,0x00000007a9e80000,0x00000007aa480000)
 ParOldGen       total 125952K, used 12730K [0x0000000708c00000, 0x0000000710700000, 0x0000000782f00000)
  object space 125952K, 10% used [0x0000000708c00000,0x000000070986eac8,0x0000000710700000)
 Metaspace       used 20092K, capacity 20368K, committed 20608K, reserved 1067008K
  class space    used 2567K, capacity 2658K, committed 2688K, reserved 1048576K
}
Event: 34.379 GC heap before
{Heap before GC invocations=27 (full 0):
 PSYoungGen      total 645120K, used 638560K [0x0000000782f00000, 0x00000007b4e80000, 0x00000007c0000000)
  eden space 638464K, 100% used [0x0000000782f00000,0x00000007a9e80000,0x00000007a9e80000)
  from space 6656K, 1% used [0x00000007aa480000,0x00000007aa498000,0x00000007aab00000)
  to   space 6144K, 0% used [0x00000007a9e80000,0x00000007a9e80000,0x00000007aa480000)
 ParOldGen       total 125952K, used 12730K [0x0000000708c00000, 0x0000000710700000, 0x0000000782f00000)
  object space 125952K, 10% used [0x0000000708c00000,0x000000070986eac8,0x0000000710700000)
 Metaspace       used 20176K, capacity 20496K, committed 20864K, reserved 1067008K
  class space    used 2576K, capacity 2658K, committed 2688K, reserved 1048576K
Event: 34.381 GC heap after
Heap after GC invocations=27 (full 0):
 PSYoungGen      total 644608K, used 160K [0x0000000782f00000, 0x00000007b4e80000, 0x00000007c0000000)
  eden space 638464K, 0% used [0x0000000782f00000,0x0000000782f00000,0x00000007a9e80000)
  from space 6144K, 2% used [0x00000007a9e80000,0x00000007a9ea8000,0x00000007aa480000)
  to   space 6656K, 0% used [0x00000007aa480000,0x00000007aa480000,0x00000007aab00000)
 ParOldGen       total 125952K, used 12730K [0x0000000708c00000, 0x0000000710700000, 0x0000000782f00000)
  object space 125952K, 10% used [0x0000000708c00000,0x000000070986eac8,0x0000000710700000)
 Metaspace       used 20176K, capacity 20496K, committed 20864K, reserved 1067008K
  class space    used 2576K, capacity 2658K, committed 2688K, reserved 1048576K
}
Event: 34.730 GC heap before
{Heap before GC invocations=28 (full 0):
 PSYoungGen      total 644608K, used 638624K [0x0000000782f00000, 0x00000007b4e80000, 0x00000007c0000000)
  eden space 638464K, 100% used [0x0000000782f00000,0x00000007a9e80000,0x00000007a9e80000)
  from space 6144K, 2% used [0x00000007a9e80000,0x00000007a9ea8000,0x00000007aa480000)
  to   space 6656K, 0% used [0x00000007aa480000,0x00000007aa480000,0x00000007aab00000)
 ParOldGen       total 125952K, used 12730K [0x0000000708c00000, 0x0000000710700000, 0x0000000782f00000)
  object space 125952K, 10% used [0x0000000708c00000,0x000000070986eac8,0x0000000710700000)
 Metaspace       used 20227K, capacity 20496K, committed 20864K, reserved 1067008K
  class space    used 2576K, capacity 2658K, committed 2688K, reserved 1048576K
Event: 34.738 GC heap after
Heap after GC invocations=28 (full 0):
 PSYoungGen      total 645120K, used 160K [0x0000000782f00000, 0x00000007b4e80000, 0x00000007c0000000)
  eden space 638464K, 0% used [0x0000000782f00000,0x0000000782f00000,0x00000007a9e80000)
  from space 6656K, 2% used [0x00000007aa480000,0x00000007aa4a8000,0x00000007aab00000)
  to   space 6144K, 0% used [0x00000007a9e80000,0x00000007a9e80000,0x00000007aa480000)
 ParOldGen       total 125952K, used 12762K [0x0000000708c00000, 0x0000000710700000, 0x0000000782f00000)
  object space 125952K, 10% used [0x0000000708c00000,0x0000000709876ac8,0x0000000710700000)
 Metaspace       used 20227K, capacity 20496K, committed 20864K, reserved 1067008K
  class space    used 2576K, capacity 2658K, committed 2688K, reserved 1048576K
}

