# JRE version: Java(TM) SE Runtime Environment (8.0_231-b11) (build 1.8.0_231-b11)
# Java VM: Java HotSpot(TM) 64-Bit Server VM (25.231-b11 mixed mode windows-amd64 compressed oops)
Heap:
 PSYoungGen      total 198144K, used 125050K [0x0000000782f00000, 0x000000078f300000, 0x00000007c0000000)
  eden space 195584K, 63% used [0x0000000782f00000,0x000000078a90ebe8,0x000000078ee00000)
  from space 2560K, 2% used [0x000000078ee00000,0x000000078ee10000,0x000000078f080000)
  to   space 2560K, 0% used [0x000000078f080000,0x000000078f080000,0x000000078f300000)
 ParOldGen       total 125952K, used 10127K [0x0000000708c00000, 0x0000000710700000, 0x0000000782f00000)
  object space 125952K, 8% used [0x0000000708c00000,0x00000007095e3cc0,0x0000000710700000)
 Metaspace       used 20273K, capacity 20560K, committed 20864K, reserved 1067008K
  class space    used 2550K, capacity 2660K, committed 2688K, reserved 1048576K
GC Heap History (10 events):
Event: 36.510 GC heap after
Heap after GC invocations=46 (full 0):
 PSYoungGen      total 198144K, used 160K [0x0000000782f00000, 0x000000078f300000, 0x00000007c0000000)
  eden space 195584K, 0% used [0x0000000782f00000,0x0000000782f00000,0x000000078ee00000)
  from space 2560K, 6% used [0x000000078f080000,0x000000078f0a8000,0x000000078f300000)
  to   space 2560K, 0% used [0x000000078ee00000,0x000000078ee00000,0x000000078f080000)
 ParOldGen       total 125952K, used 9911K [0x0000000708c00000, 0x0000000710700000, 0x0000000782f00000)
  object space 125952K, 7% used [0x0000000708c00000,0x00000007095adca0,0x0000000710700000)
 Metaspace       used 20196K, capacity 20496K, committed 20864K, reserved 1067008K
  class space    used 2549K, capacity 2660K, committed 2688K, reserved 1048576K
}
Event: 36.686 GC heap before
{Heap before GC invocations=47 (full 0):
 PSYoungGen      total 198144K, used 195744K [0x0000000782f00000, 0x000000078f300000, 0x00000007c0000000)
  eden space 195584K, 100% used [0x0000000782f00000,0x000000078ee00000,0x000000078ee00000)
  from space 2560K, 6% used [0x000000078f080000,0x000000078f0a8000,0x000000078f300000)
  to   space 2560K, 0% used [0x000000078ee00000,0x000000078ee00000,0x000000078f080000)
 ParOldGen       total 125952K, used 9911K [0x0000000708c00000, 0x0000000710700000, 0x0000000782f00000)
  object space 125952K, 7% used [0x0000000708c00000,0x00000007095adca0,0x0000000710700000)
 Metaspace       used 20256K, capacity 20560K, committed 20864K, reserved 1067008K
  class space    used 2550K, capacity 2660K, committed 2688K, reserved 1048576K
Event: 36.716 GC heap after
Heap after GC invocations=47 (full 0):
 PSYoungGen      total 198144K, used 240K [0x0000000782f00000, 0x000000078f300000, 0x00000007c0000000)
  eden space 195584K, 0% used [0x0000000782f00000,0x0000000782f00000,0x000000078ee00000)
  from space 2560K, 9% used [0x000000078ee00000,0x000000078ee3c010,0x000000078f080000)
  to   space 2560K, 0% used [0x000000078f080000,0x000000078f080000,0x000000078f300000)
 ParOldGen       total 125952K, used 9959K [0x0000000708c00000, 0x0000000710700000, 0x0000000782f00000)
  object space 125952K, 7% used [0x0000000708c00000,0x00000007095b9ca0,0x0000000710700000)
 Metaspace       used 20256K, capacity 20560K, committed 20864K, reserved 1067008K
  class space    used 2550K, capacity 2660K, committed 2688K, reserved 1048576K
}
Event: 36.842 GC heap before
{Heap before GC invocations=48 (full 0):
 PSYoungGen      total 198144K, used 195824K [0x0000000782f00000, 0x000000078f300000, 0x00000007c0000000)
  eden space 195584K, 100% used [0x0000000782f00000,0x000000078ee00000,0x000000078ee00000)
  from space 2560K, 9% used [0x000000078ee00000,0x000000078ee3c010,0x000000078f080000)
  to   space 2560K, 0% used [0x000000078f080000,0x000000078f080000,0x000000078f300000)
 ParOldGen       total 125952K, used 9959K [0x0000000708c00000, 0x0000000710700000, 0x0000000782f00000)
  object space 125952K, 7% used [0x0000000708c00000,0x00000007095b9ca0,0x0000000710700000)
 Metaspace       used 20257K, capacity 20560K, committed 20864K, reserved 1067008K
  class space    used 2550K, capacity 2660K, committed 2688K, reserved 1048576K
Event: 36.877 GC heap after
Heap after GC invocations=48 (full 0):
 PSYoungGen      total 198144K, used 64K [0x0000000782f00000, 0x000000078f300000, 0x00000007c0000000)
  eden space 195584K, 0% used [0x0000000782f00000,0x0000000782f00000,0x000000078ee00000)
  from space 2560K, 2% used [0x000000078f080000,0x000000078f090000,0x000000078f300000)
  to   space 2560K, 0% used [0x000000078ee00000,0x000000078ee00000,0x000000078f080000)
 ParOldGen       total 125952K, used 10103K [0x0000000708c00000, 0x0000000710700000, 0x0000000782f00000)
  object space 125952K, 8% used [0x0000000708c00000,0x00000007095ddcc0,0x0000000710700000)
 Metaspace       used 20257K, capacity 20560K, committed 20864K, reserved 1067008K
  class space    used 2550K, capacity 2660K, committed 2688K, reserved 1048576K
}
Event: 36.993 GC heap before
{Heap before GC invocations=49 (full 0):
 PSYoungGen      total 198144K, used 195648K [0x0000000782f00000, 0x000000078f300000, 0x00000007c0000000)
  eden space 195584K, 100% used [0x0000000782f00000,0x000000078ee00000,0x000000078ee00000)
  from space 2560K, 2% used [0x000000078f080000,0x000000078f090000,0x000000078f300000)
  to   space 2560K, 0% used [0x000000078ee00000,0x000000078ee00000,0x000000078f080000)
 ParOldGen       total 125952K, used 10103K [0x0000000708c00000, 0x0000000710700000, 0x0000000782f00000)
  object space 125952K, 8% used [0x0000000708c00000,0x00000007095ddcc0,0x0000000710700000)
 Metaspace       used 20263K, capacity 20560K, committed 20864K, reserved 1067008K
  class space    used 2550K, capacity 2660K, committed 2688K, reserved 1048576K
Event: 37.017 GC heap after
Heap after GC invocations=49 (full 0):
 PSYoungGen      total 198144K, used 96K [0x0000000782f00000, 0x000000078f300000, 0x00000007c0000000)
  eden space 195584K, 0% used [0x0000000782f00000,0x0000000782f00000,0x000000078ee00000)
  from space 2560K, 3% used [0x000000078ee00000,0x000000078ee18000,0x000000078f080000)
  to   space 2560K, 0% used [0x000000078f080000,0x000000078f080000,0x000000078f300000)
 ParOldGen       total 125952K, used 10111K [0x0000000708c00000, 0x0000000710700000, 0x0000000782f00000)
  object space 125952K, 8% used [0x0000000708c00000,0x00000007095dfcc0,0x0000000710700000)
 Metaspace       used 20263K, capacity 20560K, committed 20864K, reserved 1067008K
  class space    used 2550K, capacity 2660K, committed 2688K, reserved 1048576K
}
Event: 37.138 GC heap before
{Heap before GC invocations=50 (full 0):
 PSYoungGen      total 198144K, used 195680K [0x0000000782f00000, 0x000000078f300000, 0x00000007c0000000)
  eden space 195584K, 100% used [0x0000000782f00000,0x000000078ee00000,0x000000078ee00000)
  from space 2560K, 3% used [0x000000078ee00000,0x000000078ee18000,0x000000078f080000)
  to   space 2560K, 0% used [0x000000078f080000,0x000000078f080000,0x000000078f300000)
 ParOldGen       total 125952K, used 10111K [0x0000000708c00000, 0x0000000710700000, 0x0000000782f00000)
  object space 125952K, 8% used [0x0000000708c00000,0x00000007095dfcc0,0x0000000710700000)
 Metaspace       used 20270K, capacity 20560K, committed 20864K, reserved 1067008K
  class space    used 2550K, capacity 2660K, committed 2688K, reserved 1048576K
Event: 37.170 GC heap after
Heap after GC invocations=50 (full 0):
 PSYoungGen      total 198144K, used 64K [0x0000000782f00000, 0x000000078f300000, 0x00000007c0000000)
  eden space 195584K, 0% used [0x0000000782f00000,0x0000000782f00000,0x000000078ee00000)
  from space 2560K, 2% used [0x000000078f080000,0x000000078f090000,0x000000078f300000)
  to   space 2560K, 0% used [0x000000078ee00000,0x000000078ee00000,0x000000078f080000)
 ParOldGen       total 125952K, used 10119K [0x0000000708c00000, 0x0000000710700000, 0x0000000782f00000)
  object space 125952K, 8% used [0x0000000708c00000,0x00000007095e1cc0,0x0000000710700000)
 Metaspace       used 20270K, capacity 20560K, committed 20864K, reserved 1067008K
  class space    used 2550K, capacity 2660K, committed 2688K, reserved 1048576K
}
Event: 37.317 GC heap before
{Heap before GC invocations=51 (full 0):
 PSYoungGen      total 198144K, used 195648K [0x0000000782f00000, 0x000000078f300000, 0x00000007c0000000)
  eden space 195584K, 100% used [0x0000000782f00000,0x000000078ee00000,0x000000078ee00000)
  from space 2560K, 2% used [0x000000078f080000,0x000000078f090000,0x000000078f300000)
  to   space 2560K, 0% used [0x000000078ee00000,0x000000078ee00000,0x000000078f080000)
 ParOldGen       total 125952K, used 10119K [0x0000000708c00000, 0x0000000710700000, 0x0000000782f00000)
  object space 125952K, 8% used [0x0000000708c00000,0x00000007095e1cc0,0x0000000710700000)
 Metaspace       used 20273K, capacity 20560K, committed 20864K, reserved 1067008K
  class space    used 2550K, capacity 2660K, committed 2688K, reserved 1048576K

