# JRE version: Java(TM) SE Runtime Environment (8.0_231-b11) (build 1.8.0_231-b11)
# Java VM: Java HotSpot(TM) 64-Bit Server VM (25.231-b11 mixed mode windows-amd64 compressed oops)
Heap:
 PSYoungGen      total 460800K, used 395907K [0x0000000782f00000, 0x000000079f600000, 0x00000007c0000000)
  eden space 460288K, 85% used [0x0000000782f00000,0x000000079b190e90,0x000000079f080000)
  from space 512K, 12% used [0x000000079f080000,0x000000079f090000,0x000000079f100000)
  to   space 512K, 0% used [0x000000079f580000,0x000000079f580000,0x000000079f600000)
 ParOldGen       total 125952K, used 10894K [0x0000000708c00000, 0x0000000710700000, 0x0000000782f00000)
  object space 125952K, 8% used [0x0000000708c00000,0x00000007096a3870,0x0000000710700000)
 Metaspace       used 20182K, capacity 20426K, committed 20864K, reserved 1067008K
  class space    used 2533K, capacity 2595K, committed 2688K, reserved 1048576K
GC Heap History (10 events):
Event: 41.086 GC heap before
{Heap before GC invocations=81 (full 0):
 PSYoungGen      total 269312K, used 268896K [0x0000000782f00000, 0x000000079f180000, 0x00000007c0000000)
  eden space 268800K, 100% used [0x0000000782f00000,0x0000000793580000,0x0000000793580000)
  from space 512K, 18% used [0x000000079f100000,0x000000079f118000,0x000000079f180000)
  to   space 512K, 0% used [0x000000079f080000,0x000000079f080000,0x000000079f100000)
 ParOldGen       total 125952K, used 10862K [0x0000000708c00000, 0x0000000710700000, 0x0000000782f00000)
  object space 125952K, 8% used [0x0000000708c00000,0x000000070969b870,0x0000000710700000)
 Metaspace       used 20182K, capacity 20426K, committed 20864K, reserved 1067008K
  class space    used 2533K, capacity 2595K, committed 2688K, reserved 1048576K
Event: 41.102 GC heap after
Heap after GC invocations=81 (full 0):
 PSYoungGen      total 323072K, used 96K [0x0000000782f00000, 0x000000079f180000, 0x00000007c0000000)
  eden space 322560K, 0% used [0x0000000782f00000,0x0000000782f00000,0x0000000796a00000)
  from space 512K, 18% used [0x000000079f080000,0x000000079f098000,0x000000079f100000)
  to   space 512K, 0% used [0x000000079f100000,0x000000079f100000,0x000000079f180000)
 ParOldGen       total 125952K, used 10862K [0x0000000708c00000, 0x0000000710700000, 0x0000000782f00000)
  object space 125952K, 8% used [0x0000000708c00000,0x000000070969b870,0x0000000710700000)
 Metaspace       used 20182K, capacity 20426K, committed 20864K, reserved 1067008K
  class space    used 2533K, capacity 2595K, committed 2688K, reserved 1048576K
}
Event: 41.418 GC heap before
{Heap before GC invocations=82 (full 0):
 PSYoungGen      total 323072K, used 322656K [0x0000000782f00000, 0x000000079f180000, 0x00000007c0000000)
  eden space 322560K, 100% used [0x0000000782f00000,0x0000000796a00000,0x0000000796a00000)
  from space 512K, 18% used [0x000000079f080000,0x000000079f098000,0x000000079f100000)
  to   space 512K, 0% used [0x000000079f100000,0x000000079f100000,0x000000079f180000)
 ParOldGen       total 125952K, used 10862K [0x0000000708c00000, 0x0000000710700000, 0x0000000782f00000)
  object space 125952K, 8% used [0x0000000708c00000,0x000000070969b870,0x0000000710700000)
 Metaspace       used 20182K, capacity 20426K, committed 20864K, reserved 1067008K
  class space    used 2533K, capacity 2595K, committed 2688K, reserved 1048576K
Event: 41.420 GC heap after
Heap after GC invocations=82 (full 0):
 PSYoungGen      total 387584K, used 64K [0x0000000782f00000, 0x000000079f180000, 0x00000007c0000000)
  eden space 387072K, 0% used [0x0000000782f00000,0x0000000782f00000,0x000000079a900000)
  from space 512K, 12% used [0x000000079f100000,0x000000079f110000,0x000000079f180000)
  to   space 512K, 0% used [0x000000079f080000,0x000000079f080000,0x000000079f100000)
 ParOldGen       total 125952K, used 10870K [0x0000000708c00000, 0x0000000710700000, 0x0000000782f00000)
  object space 125952K, 8% used [0x0000000708c00000,0x000000070969d870,0x0000000710700000)
 Metaspace       used 20182K, capacity 20426K, committed 20864K, reserved 1067008K
  class space    used 2533K, capacity 2595K, committed 2688K, reserved 1048576K
}
Event: 41.781 GC heap before
{Heap before GC invocations=83 (full 0):
 PSYoungGen      total 387584K, used 387136K [0x0000000782f00000, 0x000000079f180000, 0x00000007c0000000)
  eden space 387072K, 100% used [0x0000000782f00000,0x000000079a900000,0x000000079a900000)
  from space 512K, 12% used [0x000000079f100000,0x000000079f110000,0x000000079f180000)
  to   space 512K, 0% used [0x000000079f080000,0x000000079f080000,0x000000079f100000)
 ParOldGen       total 125952K, used 10870K [0x0000000708c00000, 0x0000000710700000, 0x0000000782f00000)
  object space 125952K, 8% used [0x0000000708c00000,0x000000070969d870,0x0000000710700000)
 Metaspace       used 20182K, capacity 20426K, committed 20864K, reserved 1067008K
  class space    used 2533K, capacity 2595K, committed 2688K, reserved 1048576K
Event: 41.783 GC heap after
Heap after GC invocations=83 (full 0):
 PSYoungGen      total 460800K, used 128K [0x0000000782f00000, 0x000000079f600000, 0x00000007c0000000)
  eden space 460288K, 0% used [0x0000000782f00000,0x0000000782f00000,0x000000079f080000)
  from space 512K, 25% used [0x000000079f080000,0x000000079f0a0000,0x000000079f100000)
  to   space 512K, 0% used [0x000000079f580000,0x000000079f580000,0x000000079f600000)
 ParOldGen       total 125952K, used 10870K [0x0000000708c00000, 0x0000000710700000, 0x0000000782f00000)
  object space 125952K, 8% used [0x0000000708c00000,0x000000070969d870,0x0000000710700000)
 Metaspace       used 20182K, capacity 20426K, committed 20864K, reserved 1067008K
  class space    used 2533K, capacity 2595K, committed 2688K, reserved 1048576K
}
Event: 42.254 GC heap before
{Heap before GC invocations=84 (full 0):
 PSYoungGen      total 460800K, used 460416K [0x0000000782f00000, 0x000000079f600000, 0x00000007c0000000)
  eden space 460288K, 100% used [0x0000000782f00000,0x000000079f080000,0x000000079f080000)
  from space 512K, 25% used [0x000000079f080000,0x000000079f0a0000,0x000000079f100000)
  to   space 512K, 0% used [0x000000079f580000,0x000000079f580000,0x000000079f600000)
 ParOldGen       total 125952K, used 10870K [0x0000000708c00000, 0x0000000710700000, 0x0000000782f00000)
  object space 125952K, 8% used [0x0000000708c00000,0x000000070969d870,0x0000000710700000)
 Metaspace       used 20182K, capacity 20426K, committed 20864K, reserved 1067008K
  class space    used 2533K, capacity 2595K, committed 2688K, reserved 1048576K
Event: 42.256 GC heap after
Heap after GC invocations=84 (full 0):
 PSYoungGen      total 460800K, used 96K [0x0000000782f00000, 0x000000079f600000, 0x00000007c0000000)
  eden space 460288K, 0% used [0x0000000782f00000,0x0000000782f00000,0x000000079f080000)
  from space 512K, 18% used [0x000000079f580000,0x000000079f598000,0x000000079f600000)
  to   space 512K, 0% used [0x000000079f080000,0x000000079f080000,0x000000079f100000)
 ParOldGen       total 125952K, used 10870K [0x0000000708c00000, 0x0000000710700000, 0x0000000782f00000)
  object space 125952K, 8% used [0x0000000708c00000,0x000000070969d870,0x0000000710700000)
 Metaspace       used 20182K, capacity 20426K, committed 20864K, reserved 1067008K
  class space    used 2533K, capacity 2595K, committed 2688K, reserved 1048576K
}
Event: 42.647 GC heap before
{Heap before GC invocations=85 (full 0):
 PSYoungGen      total 460800K, used 460384K [0x0000000782f00000, 0x000000079f600000, 0x00000007c0000000)
  eden space 460288K, 100% used [0x0000000782f00000,0x000000079f080000,0x000000079f080000)
  from space 512K, 18% used [0x000000079f580000,0x000000079f598000,0x000000079f600000)
  to   space 512K, 0% used [0x000000079f080000,0x000000079f080000,0x000000079f100000)
 ParOldGen       total 125952K, used 10870K [0x0000000708c00000, 0x0000000710700000, 0x0000000782f00000)
  object space 125952K, 8% used [0x0000000708c00000,0x000000070969d870,0x0000000710700000)
 Metaspace       used 20182K, capacity 20426K, committed 20864K, reserved 1067008K
  class space    used 2533K, capacity 2595K, committed 2688K, reserved 1048576K
Event: 42.649 GC heap after
Heap after GC invocations=85 (full 0):
 PSYoungGen      total 460800K, used 64K [0x0000000782f00000, 0x000000079f600000, 0x00000007c0000000)
  eden space 460288K, 0% used [0x0000000782f00000,0x0000000782f00000,0x000000079f080000)
  from space 512K, 12% used [0x000000079f080000,0x000000079f090000,0x000000079f100000)
  to   space 512K, 0% used [0x000000079f580000,0x000000079f580000,0x000000079f600000)
 ParOldGen       total 125952K, used 10894K [0x0000000708c00000, 0x0000000710700000, 0x0000000782f00000)
  object space 125952K, 8% used [0x0000000708c00000,0x00000007096a3870,0x0000000710700000)
 Metaspace       used 20182K, capacity 20426K, committed 20864K, reserved 1067008K
  class space    used 2533K, capacity 2595K, committed 2688K, reserved 1048576K
}

