# JRE version: Java(TM) SE Runtime Environment (8.0_231-b11) (build 1.8.0_231-b11)
# Java VM: Java HotSpot(TM) 64-Bit Server VM (25.231-b11 mixed mode windows-amd64 compressed oops)
Heap:
 PSYoungGen      total 259072K, used 235287K [0x0000000782f00000, 0x00000007bb100000, 0x00000007c0000000)
  eden space 258560K, 90% used [0x0000000782f00000,0x00000007914bdd38,0x0000000792b80000)
  from space 512K, 6% used [0x00000007bb080000,0x00000007bb088000,0x00000007bb100000)
  to   space 512K, 0% used [0x00000007bb000000,0x00000007bb000000,0x00000007bb080000)
 ParOldGen       total 125952K, used 9390K [0x0000000708c00000, 0x0000000710700000, 0x0000000782f00000)
  object space 125952K, 7% used [0x0000000708c00000,0x000000070952baa8,0x0000000710700000)
 Metaspace       used 19620K, capacity 19882K, committed 20352K, reserved 1067008K
  class space    used 2472K, capacity 2563K, committed 2688K, reserved 1048576K
GC Heap History (10 events):
Event: 70.216 GC heap before
{Heap before GC invocations=182 (full 0):
 PSYoungGen      total 321536K, used 321152K [0x0000000782f00000, 0x00000007bb100000, 0x00000007c0000000)
  eden space 321024K, 100% used [0x0000000782f00000,0x0000000796880000,0x0000000796880000)
  from space 512K, 25% used [0x00000007bb000000,0x00000007bb020000,0x00000007bb080000)
  to   space 512K, 0% used [0x00000007bb080000,0x00000007bb080000,0x00000007bb100000)
 ParOldGen       total 125952K, used 9318K [0x0000000708c00000, 0x0000000710700000, 0x0000000782f00000)
  object space 125952K, 7% used [0x0000000708c00000,0x0000000709519aa8,0x0000000710700000)
 Metaspace       used 19591K, capacity 19882K, committed 20352K, reserved 1067008K
  class space    used 2472K, capacity 2563K, committed 2688K, reserved 1048576K
Event: 70.222 GC heap after
Heap after GC invocations=182 (full 0):
 PSYoungGen      total 307712K, used 96K [0x0000000782f00000, 0x00000007bb100000, 0x00000007c0000000)
  eden space 307200K, 0% used [0x0000000782f00000,0x0000000782f00000,0x0000000795b00000)
  from space 512K, 18% used [0x00000007bb080000,0x00000007bb098000,0x00000007bb100000)
  to   space 512K, 0% used [0x00000007bb000000,0x00000007bb000000,0x00000007bb080000)
 ParOldGen       total 125952K, used 9342K [0x0000000708c00000, 0x0000000710700000, 0x0000000782f00000)
  object space 125952K, 7% used [0x0000000708c00000,0x000000070951faa8,0x0000000710700000)
 Metaspace       used 19591K, capacity 19882K, committed 20352K, reserved 1067008K
  class space    used 2472K, capacity 2563K, committed 2688K, reserved 1048576K
}
Event: 70.479 GC heap before
{Heap before GC invocations=183 (full 0):
 PSYoungGen      total 307712K, used 307296K [0x0000000782f00000, 0x00000007bb100000, 0x00000007c0000000)
  eden space 307200K, 100% used [0x0000000782f00000,0x0000000795b00000,0x0000000795b00000)
  from space 512K, 18% used [0x00000007bb080000,0x00000007bb098000,0x00000007bb100000)
  to   space 512K, 0% used [0x00000007bb000000,0x00000007bb000000,0x00000007bb080000)
 ParOldGen       total 125952K, used 9342K [0x0000000708c00000, 0x0000000710700000, 0x0000000782f00000)
  object space 125952K, 7% used [0x0000000708c00000,0x000000070951faa8,0x0000000710700000)
 Metaspace       used 19591K, capacity 19882K, committed 20352K, reserved 1067008K
  class space    used 2472K, capacity 2563K, committed 2688K, reserved 1048576K
Event: 70.480 GC heap after
Heap after GC invocations=183 (full 0):
 PSYoungGen      total 294400K, used 64K [0x0000000782f00000, 0x00000007bb100000, 0x00000007c0000000)
  eden space 293888K, 0% used [0x0000000782f00000,0x0000000782f00000,0x0000000794e00000)
  from space 512K, 12% used [0x00000007bb000000,0x00000007bb010000,0x00000007bb080000)
  to   space 512K, 0% used [0x00000007bb080000,0x00000007bb080000,0x00000007bb100000)
 ParOldGen       total 125952K, used 9342K [0x0000000708c00000, 0x0000000710700000, 0x0000000782f00000)
  object space 125952K, 7% used [0x0000000708c00000,0x000000070951faa8,0x0000000710700000)
 Metaspace       used 19591K, capacity 19882K, committed 20352K, reserved 1067008K
  class space    used 2472K, capacity 2563K, committed 2688K, reserved 1048576K
}
Event: 70.726 GC heap before
{Heap before GC invocations=184 (full 0):
 PSYoungGen      total 294400K, used 293952K [0x0000000782f00000, 0x00000007bb100000, 0x00000007c0000000)
  eden space 293888K, 100% used [0x0000000782f00000,0x0000000794e00000,0x0000000794e00000)
  from space 512K, 12% used [0x00000007bb000000,0x00000007bb010000,0x00000007bb080000)
  to   space 512K, 0% used [0x00000007bb080000,0x00000007bb080000,0x00000007bb100000)
 ParOldGen       total 125952K, used 9342K [0x0000000708c00000, 0x0000000710700000, 0x0000000782f00000)
  object space 125952K, 7% used [0x0000000708c00000,0x000000070951faa8,0x0000000710700000)
 Metaspace       used 19615K, capacity 19882K, committed 20352K, reserved 1067008K
  class space    used 2472K, capacity 2563K, committed 2688K, reserved 1048576K
Event: 70.728 GC heap after
Heap after GC invocations=184 (full 0):
 PSYoungGen      total 282112K, used 96K [0x0000000782f00000, 0x00000007bb100000, 0x00000007c0000000)
  eden space 281600K, 0% used [0x0000000782f00000,0x0000000782f00000,0x0000000794200000)
  from space 512K, 18% used [0x00000007bb080000,0x00000007bb098000,0x00000007bb100000)
  to   space 512K, 0% used [0x00000007bb000000,0x00000007bb000000,0x00000007bb080000)
 ParOldGen       total 125952K, used 9342K [0x0000000708c00000, 0x0000000710700000, 0x0000000782f00000)
  object space 125952K, 7% used [0x0000000708c00000,0x000000070951faa8,0x0000000710700000)
 Metaspace       used 19615K, capacity 19882K, committed 20352K, reserved 1067008K
  class space    used 2472K, capacity 2563K, committed 2688K, reserved 1048576K
}
Event: 70.961 GC heap before
{Heap before GC invocations=185 (full 0):
 PSYoungGen      total 282112K, used 281696K [0x0000000782f00000, 0x00000007bb100000, 0x00000007c0000000)
  eden space 281600K, 100% used [0x0000000782f00000,0x0000000794200000,0x0000000794200000)
  from space 512K, 18% used [0x00000007bb080000,0x00000007bb098000,0x00000007bb100000)
  to   space 512K, 0% used [0x00000007bb000000,0x00000007bb000000,0x00000007bb080000)
 ParOldGen       total 125952K, used 9342K [0x0000000708c00000, 0x0000000710700000, 0x0000000782f00000)
  object space 125952K, 7% used [0x0000000708c00000,0x000000070951faa8,0x0000000710700000)
 Metaspace       used 19619K, capacity 19882K, committed 20352K, reserved 1067008K
  class space    used 2472K, capacity 2563K, committed 2688K, reserved 1048576K
Event: 70.962 GC heap after
Heap after GC invocations=185 (full 0):
 PSYoungGen      total 270336K, used 128K [0x0000000782f00000, 0x00000007bb100000, 0x00000007c0000000)
  eden space 269824K, 0% used [0x0000000782f00000,0x0000000782f00000,0x0000000793680000)
  from space 512K, 25% used [0x00000007bb000000,0x00000007bb020000,0x00000007bb080000)
  to   space 512K, 0% used [0x00000007bb080000,0x00000007bb080000,0x00000007bb100000)
 ParOldGen       total 125952K, used 9366K [0x0000000708c00000, 0x0000000710700000, 0x0000000782f00000)
  object space 125952K, 7% used [0x0000000708c00000,0x0000000709525aa8,0x0000000710700000)
 Metaspace       used 19619K, capacity 19882K, committed 20352K, reserved 1067008K
  class space    used 2472K, capacity 2563K, committed 2688K, reserved 1048576K
}
Event: 71.189 GC heap before
{Heap before GC invocations=186 (full 0):
 PSYoungGen      total 270336K, used 269952K [0x0000000782f00000, 0x00000007bb100000, 0x00000007c0000000)
  eden space 269824K, 100% used [0x0000000782f00000,0x0000000793680000,0x0000000793680000)
  from space 512K, 25% used [0x00000007bb000000,0x00000007bb020000,0x00000007bb080000)
  to   space 512K, 0% used [0x00000007bb080000,0x00000007bb080000,0x00000007bb100000)
 ParOldGen       total 125952K, used 9366K [0x0000000708c00000, 0x0000000710700000, 0x0000000782f00000)
  object space 125952K, 7% used [0x0000000708c00000,0x0000000709525aa8,0x0000000710700000)
 Metaspace       used 19619K, capacity 19882K, committed 20352K, reserved 1067008K
  class space    used 2472K, capacity 2563K, committed 2688K, reserved 1048576K
Event: 71.190 GC heap after
Heap after GC invocations=186 (full 0):
 PSYoungGen      total 259072K, used 32K [0x0000000782f00000, 0x00000007bb100000, 0x00000007c0000000)
  eden space 258560K, 0% used [0x0000000782f00000,0x0000000782f00000,0x0000000792b80000)
  from space 512K, 6% used [0x00000007bb080000,0x00000007bb088000,0x00000007bb100000)
  to   space 512K, 0% used [0x00000007bb000000,0x00000007bb000000,0x00000007bb080000)
 ParOldGen       total 125952K, used 9390K [0x0000000708c00000, 0x0000000710700000, 0x0000000782f00000)
  object space 125952K, 7% used [0x0000000708c00000,0x000000070952baa8,0x0000000710700000)
 Metaspace       used 19619K, capacity 19882K, committed 20352K, reserved 1067008K
  class space    used 2472K, capacity 2563K, committed 2688K, reserved 1048576K
}

