# JRE version: Java(TM) SE Runtime Environment (8.0_231-b11) (build 1.8.0_231-b11)
# Java VM: Java HotSpot(TM) 64-Bit Server VM (25.231-b11 mixed mode windows-amd64 compressed oops)
Heap:
 PSYoungGen      total 140800K, used 117937K [0x0000000782f00000, 0x0000000792600000, 0x00000007c0000000)
  eden space 140288K, 83% used [0x0000000782f00000,0x000000078a2146a8,0x000000078b800000)
  from space 512K, 18% used [0x0000000792500000,0x0000000792518000,0x0000000792580000)
  to   space 512K, 0% used [0x0000000792580000,0x0000000792580000,0x0000000792600000)
 ParOldGen       total 125952K, used 9818K [0x0000000708c00000, 0x0000000710700000, 0x0000000782f00000)
  object space 125952K, 7% used [0x0000000708c00000,0x0000000709596bd0,0x0000000710700000)
 Metaspace       used 19793K, capacity 20082K, committed 20352K, reserved 1067008K
  class space    used 2483K, capacity 2563K, committed 2688K, reserved 1048576K
GC Heap History (10 events):
Event: 60.663 GC heap before
{Heap before GC invocations=181 (full 0):
 PSYoungGen      total 169472K, used 169024K [0x0000000782f00000, 0x0000000792600000, 0x00000007c0000000)
  eden space 168960K, 100% used [0x0000000782f00000,0x000000078d400000,0x000000078d400000)
  from space 512K, 12% used [0x0000000792580000,0x0000000792590000,0x0000000792600000)
  to   space 512K, 0% used [0x0000000792500000,0x0000000792500000,0x0000000792580000)
 ParOldGen       total 125952K, used 9818K [0x0000000708c00000, 0x0000000710700000, 0x0000000782f00000)
  object space 125952K, 7% used [0x0000000708c00000,0x0000000709596bd0,0x0000000710700000)
 Metaspace       used 19793K, capacity 20082K, committed 20352K, reserved 1067008K
  class space    used 2483K, capacity 2563K, committed 2688K, reserved 1048576K
Event: 60.665 GC heap after
Heap after GC invocations=181 (full 0):
 PSYoungGen      total 163328K, used 64K [0x0000000782f00000, 0x0000000792600000, 0x00000007c0000000)
  eden space 162816K, 0% used [0x0000000782f00000,0x0000000782f00000,0x000000078ce00000)
  from space 512K, 12% used [0x0000000792500000,0x0000000792510000,0x0000000792580000)
  to   space 512K, 0% used [0x0000000792580000,0x0000000792580000,0x0000000792600000)
 ParOldGen       total 125952K, used 9818K [0x0000000708c00000, 0x0000000710700000, 0x0000000782f00000)
  object space 125952K, 7% used [0x0000000708c00000,0x0000000709596bd0,0x0000000710700000)
 Metaspace       used 19793K, capacity 20082K, committed 20352K, reserved 1067008K
  class space    used 2483K, capacity 2563K, committed 2688K, reserved 1048576K
}
Event: 60.834 GC heap before
{Heap before GC invocations=182 (full 0):
 PSYoungGen      total 163328K, used 162880K [0x0000000782f00000, 0x0000000792600000, 0x00000007c0000000)
  eden space 162816K, 100% used [0x0000000782f00000,0x000000078ce00000,0x000000078ce00000)
  from space 512K, 12% used [0x0000000792500000,0x0000000792510000,0x0000000792580000)
  to   space 512K, 0% used [0x0000000792580000,0x0000000792580000,0x0000000792600000)
 ParOldGen       total 125952K, used 9818K [0x0000000708c00000, 0x0000000710700000, 0x0000000782f00000)
  object space 125952K, 7% used [0x0000000708c00000,0x0000000709596bd0,0x0000000710700000)
 Metaspace       used 19793K, capacity 20082K, committed 20352K, reserved 1067008K
  class space    used 2483K, capacity 2563K, committed 2688K, reserved 1048576K
Event: 60.835 GC heap after
Heap after GC invocations=182 (full 0):
 PSYoungGen      total 157184K, used 96K [0x0000000782f00000, 0x0000000792600000, 0x00000007c0000000)
  eden space 156672K, 0% used [0x0000000782f00000,0x0000000782f00000,0x000000078c800000)
  from space 512K, 18% used [0x0000000792580000,0x0000000792598000,0x0000000792600000)
  to   space 512K, 0% used [0x0000000792500000,0x0000000792500000,0x0000000792580000)
 ParOldGen       total 125952K, used 9818K [0x0000000708c00000, 0x0000000710700000, 0x0000000782f00000)
  object space 125952K, 7% used [0x0000000708c00000,0x0000000709596bd0,0x0000000710700000)
 Metaspace       used 19793K, capacity 20082K, committed 20352K, reserved 1067008K
  class space    used 2483K, capacity 2563K, committed 2688K, reserved 1048576K
}
Event: 60.997 GC heap before
{Heap before GC invocations=183 (full 0):
 PSYoungGen      total 157184K, used 156768K [0x0000000782f00000, 0x0000000792600000, 0x00000007c0000000)
  eden space 156672K, 100% used [0x0000000782f00000,0x000000078c800000,0x000000078c800000)
  from space 512K, 18% used [0x0000000792580000,0x0000000792598000,0x0000000792600000)
  to   space 512K, 0% used [0x0000000792500000,0x0000000792500000,0x0000000792580000)
 ParOldGen       total 125952K, used 9818K [0x0000000708c00000, 0x0000000710700000, 0x0000000782f00000)
  object space 125952K, 7% used [0x0000000708c00000,0x0000000709596bd0,0x0000000710700000)
 Metaspace       used 19793K, capacity 20082K, committed 20352K, reserved 1067008K
  class space    used 2483K, capacity 2563K, committed 2688K, reserved 1048576K
Event: 60.999 GC heap after
Heap after GC invocations=183 (full 0):
 PSYoungGen      total 151552K, used 64K [0x0000000782f00000, 0x0000000792600000, 0x00000007c0000000)
  eden space 151040K, 0% used [0x0000000782f00000,0x0000000782f00000,0x000000078c280000)
  from space 512K, 12% used [0x0000000792500000,0x0000000792510000,0x0000000792580000)
  to   space 512K, 0% used [0x0000000792580000,0x0000000792580000,0x0000000792600000)
 ParOldGen       total 125952K, used 9818K [0x0000000708c00000, 0x0000000710700000, 0x0000000782f00000)
  object space 125952K, 7% used [0x0000000708c00000,0x0000000709596bd0,0x0000000710700000)
 Metaspace       used 19793K, capacity 20082K, committed 20352K, reserved 1067008K
  class space    used 2483K, capacity 2563K, committed 2688K, reserved 1048576K
}
Event: 61.152 GC heap before
{Heap before GC invocations=184 (full 0):
 PSYoungGen      total 151552K, used 151104K [0x0000000782f00000, 0x0000000792600000, 0x00000007c0000000)
  eden space 151040K, 100% used [0x0000000782f00000,0x000000078c280000,0x000000078c280000)
  from space 512K, 12% used [0x0000000792500000,0x0000000792510000,0x0000000792580000)
  to   space 512K, 0% used [0x0000000792580000,0x0000000792580000,0x0000000792600000)
 ParOldGen       total 125952K, used 9818K [0x0000000708c00000, 0x0000000710700000, 0x0000000782f00000)
  object space 125952K, 7% used [0x0000000708c00000,0x0000000709596bd0,0x0000000710700000)
 Metaspace       used 19793K, capacity 20082K, committed 20352K, reserved 1067008K
  class space    used 2483K, capacity 2563K, committed 2688K, reserved 1048576K
Event: 61.154 GC heap after
Heap after GC invocations=184 (full 0):
 PSYoungGen      total 145920K, used 96K [0x0000000782f00000, 0x0000000792600000, 0x00000007c0000000)
  eden space 145408K, 0% used [0x0000000782f00000,0x0000000782f00000,0x000000078bd00000)
  from space 512K, 18% used [0x0000000792580000,0x0000000792598000,0x0000000792600000)
  to   space 512K, 0% used [0x0000000792500000,0x0000000792500000,0x0000000792580000)
 ParOldGen       total 125952K, used 9818K [0x0000000708c00000, 0x0000000710700000, 0x0000000782f00000)
  object space 125952K, 7% used [0x0000000708c00000,0x0000000709596bd0,0x0000000710700000)
 Metaspace       used 19793K, capacity 20082K, committed 20352K, reserved 1067008K
  class space    used 2483K, capacity 2563K, committed 2688K, reserved 1048576K
}
Event: 61.304 GC heap before
{Heap before GC invocations=185 (full 0):
 PSYoungGen      total 145920K, used 145504K [0x0000000782f00000, 0x0000000792600000, 0x00000007c0000000)
  eden space 145408K, 100% used [0x0000000782f00000,0x000000078bd00000,0x000000078bd00000)
  from space 512K, 18% used [0x0000000792580000,0x0000000792598000,0x0000000792600000)
  to   space 512K, 0% used [0x0000000792500000,0x0000000792500000,0x0000000792580000)
 ParOldGen       total 125952K, used 9818K [0x0000000708c00000, 0x0000000710700000, 0x0000000782f00000)
  object space 125952K, 7% used [0x0000000708c00000,0x0000000709596bd0,0x0000000710700000)
 Metaspace       used 19793K, capacity 20082K, committed 20352K, reserved 1067008K
  class space    used 2483K, capacity 2563K, committed 2688K, reserved 1048576K
Event: 61.306 GC heap after
Heap after GC invocations=185 (full 0):
 PSYoungGen      total 140800K, used 96K [0x0000000782f00000, 0x0000000792600000, 0x00000007c0000000)
  eden space 140288K, 0% used [0x0000000782f00000,0x0000000782f00000,0x000000078b800000)
  from space 512K, 18% used [0x0000000792500000,0x0000000792518000,0x0000000792580000)
  to   space 512K, 0% used [0x0000000792580000,0x0000000792580000,0x0000000792600000)
 ParOldGen       total 125952K, used 9818K [0x0000000708c00000, 0x0000000710700000, 0x0000000782f00000)
  object space 125952K, 7% used [0x0000000708c00000,0x0000000709596bd0,0x0000000710700000)
 Metaspace       used 19793K, capacity 20082K, committed 20352K, reserved 1067008K
  class space    used 2483K, capacity 2563K, committed 2688K, reserved 1048576K
}

