# JRE version: Java(TM) SE Runtime Environment (8.0_231-b11) (build 1.8.0_231-b11)
# Java VM: Java HotSpot(TM) 64-Bit Server VM (25.231-b11 mixed mode windows-amd64 compressed oops)
Heap:
 PSYoungGen      total 3584K, used 1910K [0x0000000782f00000, 0x0000000783300000, 0x00000007c0000000)
  eden space 3072K, 45% used [0x0000000782f00000,0x000000078305dc68,0x0000000783200000)
  from space 512K, 99% used [0x0000000783200000,0x000000078327fc20,0x0000000783280000)
  to   space 512K, 0% used [0x0000000783280000,0x0000000783280000,0x0000000783300000)
 ParOldGen       total 5632K, used 563K [0x0000000708c00000, 0x0000000709180000, 0x0000000782f00000)
  object space 5632K, 10% used [0x0000000708c00000,0x0000000708c8cff0,0x0000000709180000)
 Metaspace       used 5464K, capacity 6732K, committed 6912K, reserved 1056768K
  class space    used 689K, capacity 712K, committed 768K, reserved 1048576K
GC Heap History (6 events):
Event: 0.578 GC heap before
{Heap before GC invocations=1 (full 0):
 PSYoungGen      total 2048K, used 1517K [0x0000000782f00000, 0x0000000783180000, 0x00000007c0000000)
  eden space 1536K, 98% used [0x0000000782f00000,0x000000078307b5f8,0x0000000783080000)
  from space 512K, 0% used [0x0000000783100000,0x0000000783100000,0x0000000783180000)
  to   space 512K, 0% used [0x0000000783080000,0x0000000783080000,0x0000000783100000)
 ParOldGen       total 5632K, used 0K [0x0000000708c00000, 0x0000000709180000, 0x0000000782f00000)
  object space 5632K, 0% used [0x0000000708c00000,0x0000000708c00000,0x0000000709180000)
 Metaspace       used 3240K, capacity 4812K, committed 5120K, reserved 1056768K
  class space    used 375K, capacity 456K, committed 512K, reserved 1048576K
Event: 0.584 GC heap after
Heap after GC invocations=1 (full 0):
 PSYoungGen      total 2048K, used 496K [0x0000000782f00000, 0x0000000783300000, 0x00000007c0000000)
  eden space 1536K, 0% used [0x0000000782f00000,0x0000000782f00000,0x0000000783080000)
  from space 512K, 96% used [0x0000000783080000,0x00000007830fc010,0x0000000783100000)
  to   space 512K, 0% used [0x0000000783280000,0x0000000783280000,0x0000000783300000)
 ParOldGen       total 5632K, used 16K [0x0000000708c00000, 0x0000000709180000, 0x0000000782f00000)
  object space 5632K, 0% used [0x0000000708c00000,0x0000000708c04000,0x0000000709180000)
 Metaspace       used 3240K, capacity 4812K, committed 5120K, reserved 1056768K
  class space    used 375K, capacity 456K, committed 512K, reserved 1048576K
}
Event: 0.937 GC heap before
{Heap before GC invocations=2 (full 0):
 PSYoungGen      total 2048K, used 2032K [0x0000000782f00000, 0x0000000783300000, 0x00000007c0000000)
  eden space 1536K, 100% used [0x0000000782f00000,0x0000000783080000,0x0000000783080000)
  from space 512K, 96% used [0x0000000783080000,0x00000007830fc010,0x0000000783100000)
  to   space 512K, 0% used [0x0000000783280000,0x0000000783280000,0x0000000783300000)
 ParOldGen       total 5632K, used 16K [0x0000000708c00000, 0x0000000709180000, 0x0000000782f00000)
  object space 5632K, 0% used [0x0000000708c00000,0x0000000708c04000,0x0000000709180000)
 Metaspace       used 4002K, capacity 5388K, committed 5760K, reserved 1056768K
  class space    used 472K, capacity 520K, committed 640K, reserved 1048576K
Event: 0.944 GC heap after
Heap after GC invocations=2 (full 0):
 PSYoungGen      total 3584K, used 480K [0x0000000782f00000, 0x0000000783300000, 0x00000007c0000000)
  eden space 3072K, 0% used [0x0000000782f00000,0x0000000782f00000,0x0000000783200000)
  from space 512K, 93% used [0x0000000783280000,0x00000007832f8020,0x0000000783300000)
  to   space 512K, 0% used [0x0000000783200000,0x0000000783200000,0x0000000783280000)
 ParOldGen       total 5632K, used 80K [0x0000000708c00000, 0x0000000709180000, 0x0000000782f00000)
  object space 5632K, 1% used [0x0000000708c00000,0x0000000708c14020,0x0000000709180000)
 Metaspace       used 4002K, capacity 5388K, committed 5760K, reserved 1056768K
  class space    used 472K, capacity 520K, committed 640K, reserved 1048576K
}
Event: 1.225 GC heap before
{Heap before GC invocations=3 (full 0):
 PSYoungGen      total 3584K, used 3528K [0x0000000782f00000, 0x0000000783300000, 0x00000007c0000000)
  eden space 3072K, 99% used [0x0000000782f00000,0x00000007831fa098,0x0000000783200000)
  from space 512K, 93% used [0x0000000783280000,0x00000007832f8020,0x0000000783300000)
  to   space 512K, 0% used [0x0000000783200000,0x0000000783200000,0x0000000783280000)
 ParOldGen       total 5632K, used 80K [0x0000000708c00000, 0x0000000709180000, 0x0000000782f00000)
  object space 5632K, 1% used [0x0000000708c00000,0x0000000708c14020,0x0000000709180000)
 Metaspace       used 4936K, capacity 6220K, committed 6400K, reserved 1056768K
  class space    used 608K, capacity 648K, committed 768K, reserved 1048576K
Event: 1.230 GC heap after
Heap after GC invocations=3 (full 0):
 PSYoungGen      total 3584K, used 511K [0x0000000782f00000, 0x0000000783300000, 0x00000007c0000000)
  eden space 3072K, 0% used [0x0000000782f00000,0x0000000782f00000,0x0000000783200000)
  from space 512K, 99% used [0x0000000783200000,0x000000078327fc20,0x0000000783280000)
  to   space 512K, 0% used [0x0000000783280000,0x0000000783280000,0x0000000783300000)
 ParOldGen       total 5632K, used 563K [0x0000000708c00000, 0x0000000709180000, 0x0000000782f00000)
  object space 5632K, 10% used [0x0000000708c00000,0x0000000708c8cff0,0x0000000709180000)
 Metaspace       used 4936K, capacity 6220K, committed 6400K, reserved 1056768K
  class space    used 608K, capacity 648K, committed 768K, reserved 1048576K
}

