# JRE version: Java(TM) SE Runtime Environment (8.0_231-b11) (build 1.8.0_231-b11)
# Java VM: Java HotSpot(TM) 64-Bit Server VM (25.231-b11 mixed mode windows-amd64 compressed oops)
Heap:
 PSYoungGen      total 352256K, used 297951K [0x0000000782f00000, 0x000000079a980000, 0x00000007c0000000)
  eden space 351744K, 84% used [0x0000000782f00000,0x00000007951dfce8,0x0000000798680000)
  from space 512K, 18% used [0x000000079a900000,0x000000079a918000,0x000000079a980000)
  to   space 2048K, 0% used [0x000000079a580000,0x000000079a580000,0x000000079a780000)
 ParOldGen       total 125952K, used 10023K [0x0000000708c00000, 0x0000000710700000, 0x0000000782f00000)
  object space 125952K, 7% used [0x0000000708c00000,0x00000007095c9db8,0x0000000710700000)
 Metaspace       used 19939K, capacity 20234K, committed 20608K, reserved 1067008K
  class space    used 2510K, capacity 2593K, committed 2688K, reserved 1048576K
GC Heap History (10 events):
Event: 34.621 GC heap before
{Heap before GC invocations=42 (full 0):
 PSYoungGen      total 316928K, used 314464K [0x0000000782f00000, 0x000000079ad00000, 0x00000007c0000000)
  eden space 314368K, 100% used [0x0000000782f00000,0x0000000796200000,0x0000000796200000)
  from space 2560K, 3% used [0x000000079a800000,0x000000079a818000,0x000000079aa80000)
  to   space 2560K, 0% used [0x000000079aa80000,0x000000079aa80000,0x000000079ad00000)
 ParOldGen       total 125952K, used 9775K [0x0000000708c00000, 0x0000000710700000, 0x0000000782f00000)
  object space 125952K, 7% used [0x0000000708c00000,0x000000070958bd98,0x0000000710700000)
 Metaspace       used 19710K, capacity 20036K, committed 20352K, reserved 1067008K
  class space    used 2493K, capacity 2592K, committed 2688K, reserved 1048576K
Event: 34.623 GC heap after
Heap after GC invocations=42 (full 0):
 PSYoungGen      total 301568K, used 64K [0x0000000782f00000, 0x000000079ab00000, 0x00000007c0000000)
  eden space 301056K, 0% used [0x0000000782f00000,0x0000000782f00000,0x0000000795500000)
  from space 512K, 12% used [0x000000079aa80000,0x000000079aa90000,0x000000079ab00000)
  to   space 2560K, 0% used [0x000000079a600000,0x000000079a600000,0x000000079a880000)
 ParOldGen       total 125952K, used 9791K [0x0000000708c00000, 0x0000000710700000, 0x0000000782f00000)
  object space 125952K, 7% used [0x0000000708c00000,0x000000070958fd98,0x0000000710700000)
 Metaspace       used 19710K, capacity 20036K, committed 20352K, reserved 1067008K
  class space    used 2493K, capacity 2592K, committed 2688K, reserved 1048576K
}
Event: 34.898 GC heap before
{Heap before GC invocations=43 (full 0):
 PSYoungGen      total 301568K, used 301120K [0x0000000782f00000, 0x000000079ab00000, 0x00000007c0000000)
  eden space 301056K, 100% used [0x0000000782f00000,0x0000000795500000,0x0000000795500000)
  from space 512K, 12% used [0x000000079aa80000,0x000000079aa90000,0x000000079ab00000)
  to   space 2560K, 0% used [0x000000079a600000,0x000000079a600000,0x000000079a880000)
 ParOldGen       total 125952K, used 9791K [0x0000000708c00000, 0x0000000710700000, 0x0000000782f00000)
  object space 125952K, 7% used [0x0000000708c00000,0x000000070958fd98,0x0000000710700000)
 Metaspace       used 19813K, capacity 20100K, committed 20352K, reserved 1067008K
  class space    used 2503K, capacity 2592K, committed 2688K, reserved 1048576K
Event: 34.900 GC heap after
Heap after GC invocations=43 (full 0):
 PSYoungGen      total 290816K, used 160K [0x0000000782f00000, 0x000000079ab00000, 0x00000007c0000000)
  eden space 288256K, 0% used [0x0000000782f00000,0x0000000782f00000,0x0000000794880000)
  from space 2560K, 6% used [0x000000079a600000,0x000000079a628000,0x000000079a880000)
  to   space 2048K, 0% used [0x000000079a900000,0x000000079a900000,0x000000079ab00000)
 ParOldGen       total 125952K, used 9807K [0x0000000708c00000, 0x0000000710700000, 0x0000000782f00000)
  object space 125952K, 7% used [0x0000000708c00000,0x0000000709593d98,0x0000000710700000)
 Metaspace       used 19813K, capacity 20100K, committed 20352K, reserved 1067008K
  class space    used 2503K, capacity 2592K, committed 2688K, reserved 1048576K
}
Event: 35.258 GC heap before
{Heap before GC invocations=44 (full 0):
 PSYoungGen      total 290816K, used 288416K [0x0000000782f00000, 0x000000079ab00000, 0x00000007c0000000)
  eden space 288256K, 100% used [0x0000000782f00000,0x0000000794880000,0x0000000794880000)
  from space 2560K, 6% used [0x000000079a600000,0x000000079a628000,0x000000079a880000)
  to   space 2048K, 0% used [0x000000079a900000,0x000000079a900000,0x000000079ab00000)
 ParOldGen       total 125952K, used 9807K [0x0000000708c00000, 0x0000000710700000, 0x0000000782f00000)
  object space 125952K, 7% used [0x0000000708c00000,0x0000000709593d98,0x0000000710700000)
 Metaspace       used 19890K, capacity 20170K, committed 20608K, reserved 1067008K
  class space    used 2510K, capacity 2593K, committed 2688K, reserved 1048576K
Event: 35.265 GC heap after
Heap after GC invocations=44 (full 0):
 PSYoungGen      total 352256K, used 256K [0x0000000782f00000, 0x000000079a980000, 0x00000007c0000000)
  eden space 351744K, 0% used [0x0000000782f00000,0x0000000782f00000,0x0000000798680000)
  from space 512K, 50% used [0x000000079a900000,0x000000079a940020,0x000000079a980000)
  to   space 2048K, 0% used [0x000000079a580000,0x000000079a580000,0x000000079a780000)
 ParOldGen       total 125952K, used 9831K [0x0000000708c00000, 0x0000000710700000, 0x0000000782f00000)
  object space 125952K, 7% used [0x0000000708c00000,0x0000000709599d98,0x0000000710700000)
 Metaspace       used 19890K, capacity 20170K, committed 20608K, reserved 1067008K
  class space    used 2510K, capacity 2593K, committed 2688K, reserved 1048576K
}
Event: 35.514 GC heap before
{Heap before GC invocations=45 (full 0):
 PSYoungGen      total 352256K, used 352000K [0x0000000782f00000, 0x000000079a980000, 0x00000007c0000000)
  eden space 351744K, 100% used [0x0000000782f00000,0x0000000798680000,0x0000000798680000)
  from space 512K, 50% used [0x000000079a900000,0x000000079a940020,0x000000079a980000)
  to   space 2048K, 0% used [0x000000079a580000,0x000000079a580000,0x000000079a780000)
 ParOldGen       total 125952K, used 9831K [0x0000000708c00000, 0x0000000710700000, 0x0000000782f00000)
  object space 125952K, 7% used [0x0000000708c00000,0x0000000709599d98,0x0000000710700000)
 Metaspace       used 19897K, capacity 20234K, committed 20608K, reserved 1067008K
  class space    used 2510K, capacity 2593K, committed 2688K, reserved 1048576K
Event: 35.543 GC heap after
Heap after GC invocations=45 (full 0):
 PSYoungGen      total 353792K, used 96K [0x0000000782f00000, 0x000000079a980000, 0x00000007c0000000)
  eden space 351744K, 0% used [0x0000000782f00000,0x0000000782f00000,0x0000000798680000)
  from space 2048K, 4% used [0x000000079a580000,0x000000079a598000,0x000000079a780000)
  to   space 512K, 0% used [0x000000079a900000,0x000000079a900000,0x000000079a980000)
 ParOldGen       total 125952K, used 10007K [0x0000000708c00000, 0x0000000710700000, 0x0000000782f00000)
  object space 125952K, 7% used [0x0000000708c00000,0x00000007095c5db8,0x0000000710700000)
 Metaspace       used 19897K, capacity 20234K, committed 20608K, reserved 1067008K
  class space    used 2510K, capacity 2593K, committed 2688K, reserved 1048576K
}
Event: 35.727 GC heap before
{Heap before GC invocations=46 (full 0):
 PSYoungGen      total 353792K, used 351840K [0x0000000782f00000, 0x000000079a980000, 0x00000007c0000000)
  eden space 351744K, 100% used [0x0000000782f00000,0x0000000798680000,0x0000000798680000)
  from space 2048K, 4% used [0x000000079a580000,0x000000079a598000,0x000000079a780000)
  to   space 512K, 0% used [0x000000079a900000,0x000000079a900000,0x000000079a980000)
 ParOldGen       total 125952K, used 10007K [0x0000000708c00000, 0x0000000710700000, 0x0000000782f00000)
  object space 125952K, 7% used [0x0000000708c00000,0x00000007095c5db8,0x0000000710700000)
 Metaspace       used 19907K, capacity 20234K, committed 20608K, reserved 1067008K
  class space    used 2510K, capacity 2593K, committed 2688K, reserved 1048576K
Event: 35.742 GC heap after
Heap after GC invocations=46 (full 0):
 PSYoungGen      total 352256K, used 96K [0x0000000782f00000, 0x000000079a980000, 0x00000007c0000000)
  eden space 351744K, 0% used [0x0000000782f00000,0x0000000782f00000,0x0000000798680000)
  from space 512K, 18% used [0x000000079a900000,0x000000079a918000,0x000000079a980000)
  to   space 2048K, 0% used [0x000000079a580000,0x000000079a580000,0x000000079a780000)
 ParOldGen       total 125952K, used 10023K [0x0000000708c00000, 0x0000000710700000, 0x0000000782f00000)
  object space 125952K, 7% used [0x0000000708c00000,0x00000007095c9db8,0x0000000710700000)
 Metaspace       used 19907K, capacity 20234K, committed 20608K, reserved 1067008K
  class space    used 2510K, capacity 2593K, committed 2688K, reserved 1048576K
}

