# JRE version: Java(TM) SE Runtime Environment (8.0_231-b11) (build 1.8.0_231-b11)
# Java VM: Java HotSpot(TM) 64-Bit Server VM (25.231-b11 mixed mode windows-amd64 compressed oops)
Heap:
 PSYoungGen      total 694784K, used 111164K [0x0000000782f00000, 0x00000007b4380000, 0x00000007c0000000)
  eden space 694272K, 15% used [0x0000000782f00000,0x0000000789b673e8,0x00000007ad500000)
  from space 512K, 31% used [0x00000007b4280000,0x00000007b42a8000,0x00000007b4300000)
  to   space 512K, 0% used [0x00000007b4300000,0x00000007b4300000,0x00000007b4380000)
 ParOldGen       total 125952K, used 11046K [0x0000000708c00000, 0x0000000710700000, 0x0000000782f00000)
  object space 125952K, 8% used [0x0000000708c00000,0x00000007096c9a30,0x0000000710700000)
 Metaspace       used 20493K, capacity 20752K, committed 21120K, reserved 1067008K
  class space    used 2579K, capacity 2660K, committed 2688K, reserved 1048576K
GC Heap History (10 events):
Event: 60.156 GC heap before
{Heap before GC invocations=69 (full 0):
 PSYoungGen      total 764416K, used 764064K [0x0000000782f00000, 0x00000007b4380000, 0x00000007c0000000)
  eden space 763904K, 100% used [0x0000000782f00000,0x00000007b1900000,0x00000007b1900000)
  from space 512K, 31% used [0x00000007b4300000,0x00000007b4328000,0x00000007b4380000)
  to   space 512K, 0% used [0x00000007b4280000,0x00000007b4280000,0x00000007b4300000)
 ParOldGen       total 125952K, used 10934K [0x0000000708c00000, 0x0000000710700000, 0x0000000782f00000)
  object space 125952K, 8% used [0x0000000708c00000,0x00000007096ada30,0x0000000710700000)
 Metaspace       used 20436K, capacity 20752K, committed 21120K, reserved 1067008K
  class space    used 2579K, capacity 2660K, committed 2688K, reserved 1048576K
Event: 60.171 GC heap after
Heap after GC invocations=69 (full 0):
 PSYoungGen      total 764416K, used 160K [0x0000000782f00000, 0x00000007b4380000, 0x00000007c0000000)
  eden space 763904K, 0% used [0x0000000782f00000,0x0000000782f00000,0x00000007b1900000)
  from space 512K, 31% used [0x00000007b4280000,0x00000007b42a8000,0x00000007b4300000)
  to   space 512K, 0% used [0x00000007b4300000,0x00000007b4300000,0x00000007b4380000)
 ParOldGen       total 125952K, used 10966K [0x0000000708c00000, 0x0000000710700000, 0x0000000782f00000)
  object space 125952K, 8% used [0x0000000708c00000,0x00000007096b5a30,0x0000000710700000)
 Metaspace       used 20436K, capacity 20752K, committed 21120K, reserved 1067008K
  class space    used 2579K, capacity 2660K, committed 2688K, reserved 1048576K
}
Event: 60.968 GC heap before
{Heap before GC invocations=70 (full 0):
 PSYoungGen      total 764416K, used 764064K [0x0000000782f00000, 0x00000007b4380000, 0x00000007c0000000)
  eden space 763904K, 100% used [0x0000000782f00000,0x00000007b1900000,0x00000007b1900000)
  from space 512K, 31% used [0x00000007b4280000,0x00000007b42a8000,0x00000007b4300000)
  to   space 512K, 0% used [0x00000007b4300000,0x00000007b4300000,0x00000007b4380000)
 ParOldGen       total 125952K, used 10966K [0x0000000708c00000, 0x0000000710700000, 0x0000000782f00000)
  object space 125952K, 8% used [0x0000000708c00000,0x00000007096b5a30,0x0000000710700000)
 Metaspace       used 20469K, capacity 20752K, committed 21120K, reserved 1067008K
  class space    used 2579K, capacity 2660K, committed 2688K, reserved 1048576K
Event: 60.971 GC heap after
Heap after GC invocations=70 (full 0):
 PSYoungGen      total 728576K, used 128K [0x0000000782f00000, 0x00000007b4380000, 0x00000007c0000000)
  eden space 728064K, 0% used [0x0000000782f00000,0x0000000782f00000,0x00000007af600000)
  from space 512K, 25% used [0x00000007b4300000,0x00000007b4320000,0x00000007b4380000)
  to   space 512K, 0% used [0x00000007b4280000,0x00000007b4280000,0x00000007b4300000)
 ParOldGen       total 125952K, used 10990K [0x0000000708c00000, 0x0000000710700000, 0x0000000782f00000)
  object space 125952K, 8% used [0x0000000708c00000,0x00000007096bba30,0x0000000710700000)
 Metaspace       used 20469K, capacity 20752K, committed 21120K, reserved 1067008K
  class space    used 2579K, capacity 2660K, committed 2688K, reserved 1048576K
}
Event: 61.585 GC heap before
{Heap before GC invocations=71 (full 0):
 PSYoungGen      total 728576K, used 728192K [0x0000000782f00000, 0x00000007b4380000, 0x00000007c0000000)
  eden space 728064K, 100% used [0x0000000782f00000,0x00000007af600000,0x00000007af600000)
  from space 512K, 25% used [0x00000007b4300000,0x00000007b4320000,0x00000007b4380000)
  to   space 512K, 0% used [0x00000007b4280000,0x00000007b4280000,0x00000007b4300000)
 ParOldGen       total 125952K, used 10990K [0x0000000708c00000, 0x0000000710700000, 0x0000000782f00000)
  object space 125952K, 8% used [0x0000000708c00000,0x00000007096bba30,0x0000000710700000)
 Metaspace       used 20474K, capacity 20752K, committed 21120K, reserved 1067008K
  class space    used 2579K, capacity 2660K, committed 2688K, reserved 1048576K
Event: 61.587 GC heap after
Heap after GC invocations=71 (full 0):
 PSYoungGen      total 694784K, used 160K [0x0000000782f00000, 0x00000007b4380000, 0x00000007c0000000)
  eden space 694272K, 0% used [0x0000000782f00000,0x0000000782f00000,0x00000007ad500000)
  from space 512K, 31% used [0x00000007b4280000,0x00000007b42a8000,0x00000007b4300000)
  to   space 512K, 0% used [0x00000007b4300000,0x00000007b4300000,0x00000007b4380000)
 ParOldGen       total 125952K, used 11022K [0x0000000708c00000, 0x0000000710700000, 0x0000000782f00000)
  object space 125952K, 8% used [0x0000000708c00000,0x00000007096c3a30,0x0000000710700000)
 Metaspace       used 20474K, capacity 20752K, committed 21120K, reserved 1067008K
  class space    used 2579K, capacity 2660K, committed 2688K, reserved 1048576K
}
Event: 62.173 GC heap before
{Heap before GC invocations=72 (full 0):
 PSYoungGen      total 694784K, used 694432K [0x0000000782f00000, 0x00000007b4380000, 0x00000007c0000000)
  eden space 694272K, 100% used [0x0000000782f00000,0x00000007ad500000,0x00000007ad500000)
  from space 512K, 31% used [0x00000007b4280000,0x00000007b42a8000,0x00000007b4300000)
  to   space 512K, 0% used [0x00000007b4300000,0x00000007b4300000,0x00000007b4380000)
 ParOldGen       total 125952K, used 11022K [0x0000000708c00000, 0x0000000710700000, 0x0000000782f00000)
  object space 125952K, 8% used [0x0000000708c00000,0x00000007096c3a30,0x0000000710700000)
 Metaspace       used 20477K, capacity 20752K, committed 21120K, reserved 1067008K
  class space    used 2579K, capacity 2660K, committed 2688K, reserved 1048576K
Event: 62.185 GC heap after
Heap after GC invocations=72 (full 0):
 PSYoungGen      total 694784K, used 128K [0x0000000782f00000, 0x00000007b4380000, 0x00000007c0000000)
  eden space 694272K, 0% used [0x0000000782f00000,0x0000000782f00000,0x00000007ad500000)
  from space 512K, 25% used [0x00000007b4300000,0x00000007b4320000,0x00000007b4380000)
  to   space 512K, 0% used [0x00000007b4280000,0x00000007b4280000,0x00000007b4300000)
 ParOldGen       total 125952K, used 11030K [0x0000000708c00000, 0x0000000710700000, 0x0000000782f00000)
  object space 125952K, 8% used [0x0000000708c00000,0x00000007096c5a30,0x0000000710700000)
 Metaspace       used 20477K, capacity 20752K, committed 21120K, reserved 1067008K
  class space    used 2579K, capacity 2660K, committed 2688K, reserved 1048576K
}
Event: 62.936 GC heap before
{Heap before GC invocations=73 (full 0):
 PSYoungGen      total 694784K, used 694400K [0x0000000782f00000, 0x00000007b4380000, 0x00000007c0000000)
  eden space 694272K, 100% used [0x0000000782f00000,0x00000007ad500000,0x00000007ad500000)
  from space 512K, 25% used [0x00000007b4300000,0x00000007b4320000,0x00000007b4380000)
  to   space 512K, 0% used [0x00000007b4280000,0x00000007b4280000,0x00000007b4300000)
 ParOldGen       total 125952K, used 11030K [0x0000000708c00000, 0x0000000710700000, 0x0000000782f00000)
  object space 125952K, 8% used [0x0000000708c00000,0x00000007096c5a30,0x0000000710700000)
 Metaspace       used 20492K, capacity 20752K, committed 21120K, reserved 1067008K
  class space    used 2579K, capacity 2660K, committed 2688K, reserved 1048576K
Event: 62.949 GC heap after
Heap after GC invocations=73 (full 0):
 PSYoungGen      total 694784K, used 160K [0x0000000782f00000, 0x00000007b4380000, 0x00000007c0000000)
  eden space 694272K, 0% used [0x0000000782f00000,0x0000000782f00000,0x00000007ad500000)
  from space 512K, 31% used [0x00000007b4280000,0x00000007b42a8000,0x00000007b4300000)
  to   space 512K, 0% used [0x00000007b4300000,0x00000007b4300000,0x00000007b4380000)
 ParOldGen       total 125952K, used 11046K [0x0000000708c00000, 0x0000000710700000, 0x0000000782f00000)
  object space 125952K, 8% used [0x0000000708c00000,0x00000007096c9a30,0x0000000710700000)
 Metaspace       used 20492K, capacity 20752K, committed 21120K, reserved 1067008K
  class space    used 2579K, capacity 2660K, committed 2688K, reserved 1048576K
}

