# JRE version: Java(TM) SE Runtime Environment (8.0_231-b11) (build 1.8.0_231-b11)
# Java VM: Java HotSpot(TM) 64-Bit Server VM (25.231-b11 mixed mode windows-amd64 compressed oops)
Heap:
 PSYoungGen      total 602624K, used 410937K [0x0000000782f00000, 0x00000007ab200000, 0x00000007c0000000)
  eden space 602112K, 68% used [0x0000000782f00000,0x000000079c02e588,0x00000007a7b00000)
  from space 512K, 25% used [0x00000007a7b80000,0x00000007a7ba0000,0x00000007a7c00000)
  to   space 512K, 0% used [0x00000007a7b00000,0x00000007a7b00000,0x00000007a7b80000)
 ParOldGen       total 125952K, used 11275K [0x0000000708c00000, 0x0000000710700000, 0x0000000782f00000)
  object space 125952K, 8% used [0x0000000708c00000,0x0000000709702ed0,0x0000000710700000)
 Metaspace       used 20717K, capacity 21014K, committed 21296K, reserved 1069056K
  class space    used 2572K, capacity 2661K, committed 2688K, reserved 1048576K
GC Heap History (10 events):
Event: 64.318 GC heap before
{Heap before GC invocations=62 (full 0):
 PSYoungGen      total 416768K, used 415840K [0x0000000782f00000, 0x00000007a7c80000, 0x00000007c0000000)
  eden space 415744K, 100% used [0x0000000782f00000,0x000000079c500000,0x000000079c500000)
  from space 1024K, 9% used [0x00000007a7a80000,0x00000007a7a98000,0x00000007a7b80000)
  to   space 1024K, 0% used [0x00000007a7b80000,0x00000007a7b80000,0x00000007a7c80000)
 ParOldGen       total 125952K, used 11203K [0x0000000708c00000, 0x0000000710700000, 0x0000000782f00000)
  object space 125952K, 8% used [0x0000000708c00000,0x00000007096f0ed0,0x0000000710700000)
 Metaspace       used 20693K, capacity 20982K, committed 21296K, reserved 1069056K
  class space    used 2571K, capacity 2629K, committed 2688K, reserved 1048576K
Event: 64.319 GC heap after
Heap after GC invocations=62 (full 0):
 PSYoungGen      total 397824K, used 96K [0x0000000782f00000, 0x00000007a7c00000, 0x00000007c0000000)
  eden space 397312K, 0% used [0x0000000782f00000,0x0000000782f00000,0x000000079b300000)
  from space 512K, 18% used [0x00000007a7b80000,0x00000007a7b98000,0x00000007a7c00000)
  to   space 1024K, 0% used [0x00000007a7a00000,0x00000007a7a00000,0x00000007a7b00000)
 ParOldGen       total 125952K, used 11203K [0x0000000708c00000, 0x0000000710700000, 0x0000000782f00000)
  object space 125952K, 8% used [0x0000000708c00000,0x00000007096f0ed0,0x0000000710700000)
 Metaspace       used 20693K, capacity 20982K, committed 21296K, reserved 1069056K
  class space    used 2571K, capacity 2629K, committed 2688K, reserved 1048576K
}
Event: 64.710 GC heap before
{Heap before GC invocations=63 (full 0):
 PSYoungGen      total 397824K, used 397408K [0x0000000782f00000, 0x00000007a7c00000, 0x00000007c0000000)
  eden space 397312K, 100% used [0x0000000782f00000,0x000000079b300000,0x000000079b300000)
  from space 512K, 18% used [0x00000007a7b80000,0x00000007a7b98000,0x00000007a7c00000)
  to   space 1024K, 0% used [0x00000007a7a00000,0x00000007a7a00000,0x00000007a7b00000)
 ParOldGen       total 125952K, used 11203K [0x0000000708c00000, 0x0000000710700000, 0x0000000782f00000)
  object space 125952K, 8% used [0x0000000708c00000,0x00000007096f0ed0,0x0000000710700000)
 Metaspace       used 20693K, capacity 20982K, committed 21296K, reserved 1069056K
  class space    used 2571K, capacity 2629K, committed 2688K, reserved 1048576K
Event: 64.712 GC heap after
Heap after GC invocations=63 (full 0):
 PSYoungGen      total 380928K, used 128K [0x0000000782f00000, 0x00000007a7c00000, 0x00000007c0000000)
  eden space 379904K, 0% used [0x0000000782f00000,0x0000000782f00000,0x000000079a200000)
  from space 1024K, 12% used [0x00000007a7a00000,0x00000007a7a20000,0x00000007a7b00000)
  to   space 512K, 0% used [0x00000007a7b80000,0x00000007a7b80000,0x00000007a7c00000)
 ParOldGen       total 125952K, used 11219K [0x0000000708c00000, 0x0000000710700000, 0x0000000782f00000)
  object space 125952K, 8% used [0x0000000708c00000,0x00000007096f4ed0,0x0000000710700000)
 Metaspace       used 20693K, capacity 20982K, committed 21296K, reserved 1069056K
  class space    used 2571K, capacity 2629K, committed 2688K, reserved 1048576K
}
Event: 65.124 GC heap before
{Heap before GC invocations=64 (full 0):
 PSYoungGen      total 380928K, used 380032K [0x0000000782f00000, 0x00000007a7c00000, 0x00000007c0000000)
  eden space 379904K, 100% used [0x0000000782f00000,0x000000079a200000,0x000000079a200000)
  from space 1024K, 12% used [0x00000007a7a00000,0x00000007a7a20000,0x00000007a7b00000)
  to   space 512K, 0% used [0x00000007a7b80000,0x00000007a7b80000,0x00000007a7c00000)
 ParOldGen       total 125952K, used 11219K [0x0000000708c00000, 0x0000000710700000, 0x0000000782f00000)
  object space 125952K, 8% used [0x0000000708c00000,0x00000007096f4ed0,0x0000000710700000)
 Metaspace       used 20701K, capacity 21014K, committed 21296K, reserved 1069056K
  class space    used 2572K, capacity 2661K, committed 2688K, reserved 1048576K
Event: 65.136 GC heap after
Heap after GC invocations=64 (full 0):
 PSYoungGen      total 456704K, used 160K [0x0000000782f00000, 0x00000007a7c00000, 0x00000007c0000000)
  eden space 456192K, 0% used [0x0000000782f00000,0x0000000782f00000,0x000000079ec80000)
  from space 512K, 31% used [0x00000007a7b80000,0x00000007a7ba8000,0x00000007a7c00000)
  to   space 512K, 0% used [0x00000007a7b00000,0x00000007a7b00000,0x00000007a7b80000)
 ParOldGen       total 125952K, used 11227K [0x0000000708c00000, 0x0000000710700000, 0x0000000782f00000)
  object space 125952K, 8% used [0x0000000708c00000,0x00000007096f6ed0,0x0000000710700000)
 Metaspace       used 20701K, capacity 21014K, committed 21296K, reserved 1069056K
  class space    used 2572K, capacity 2661K, committed 2688K, reserved 1048576K
}
Event: 65.621 GC heap before
{Heap before GC invocations=65 (full 0):
 PSYoungGen      total 456704K, used 456352K [0x0000000782f00000, 0x00000007a7c00000, 0x00000007c0000000)
  eden space 456192K, 100% used [0x0000000782f00000,0x000000079ec80000,0x000000079ec80000)
  from space 512K, 31% used [0x00000007a7b80000,0x00000007a7ba8000,0x00000007a7c00000)
  to   space 512K, 0% used [0x00000007a7b00000,0x00000007a7b00000,0x00000007a7b80000)
 ParOldGen       total 125952K, used 11227K [0x0000000708c00000, 0x0000000710700000, 0x0000000782f00000)
  object space 125952K, 8% used [0x0000000708c00000,0x00000007096f6ed0,0x0000000710700000)
 Metaspace       used 20706K, capacity 21014K, committed 21296K, reserved 1069056K
  class space    used 2572K, capacity 2661K, committed 2688K, reserved 1048576K
Event: 65.643 GC heap after
Heap after GC invocations=65 (full 0):
 PSYoungGen      total 548352K, used 160K [0x0000000782f00000, 0x00000007a7c00000, 0x00000007c0000000)
  eden space 547840K, 0% used [0x0000000782f00000,0x0000000782f00000,0x00000007a4600000)
  from space 512K, 31% used [0x00000007a7b00000,0x00000007a7b28000,0x00000007a7b80000)
  to   space 512K, 0% used [0x00000007a7b80000,0x00000007a7b80000,0x00000007a7c00000)
 ParOldGen       total 125952K, used 11259K [0x0000000708c00000, 0x0000000710700000, 0x0000000782f00000)
  object space 125952K, 8% used [0x0000000708c00000,0x00000007096feed0,0x0000000710700000)
 Metaspace       used 20706K, capacity 21014K, committed 21296K, reserved 1069056K
  class space    used 2572K, capacity 2661K, committed 2688K, reserved 1048576K
}
Event: 66.224 GC heap before
{Heap before GC invocations=66 (full 0):
 PSYoungGen      total 548352K, used 548000K [0x0000000782f00000, 0x00000007a7c00000, 0x00000007c0000000)
  eden space 547840K, 100% used [0x0000000782f00000,0x00000007a4600000,0x00000007a4600000)
  from space 512K, 31% used [0x00000007a7b00000,0x00000007a7b28000,0x00000007a7b80000)
  to   space 512K, 0% used [0x00000007a7b80000,0x00000007a7b80000,0x00000007a7c00000)
 ParOldGen       total 125952K, used 11259K [0x0000000708c00000, 0x0000000710700000, 0x0000000782f00000)
  object space 125952K, 8% used [0x0000000708c00000,0x00000007096feed0,0x0000000710700000)
 Metaspace       used 20712K, capacity 21014K, committed 21296K, reserved 1069056K
  class space    used 2572K, capacity 2661K, committed 2688K, reserved 1048576K
Event: 66.227 GC heap after
Heap after GC invocations=66 (full 0):
 PSYoungGen      total 602624K, used 128K [0x0000000782f00000, 0x00000007ab200000, 0x00000007c0000000)
  eden space 602112K, 0% used [0x0000000782f00000,0x0000000782f00000,0x00000007a7b00000)
  from space 512K, 25% used [0x00000007a7b80000,0x00000007a7ba0000,0x00000007a7c00000)
  to   space 512K, 0% used [0x00000007a7b00000,0x00000007a7b00000,0x00000007a7b80000)
 ParOldGen       total 125952K, used 11275K [0x0000000708c00000, 0x0000000710700000, 0x0000000782f00000)
  object space 125952K, 8% used [0x0000000708c00000,0x0000000709702ed0,0x0000000710700000)
 Metaspace       used 20712K, capacity 21014K, committed 21296K, reserved 1069056K
  class space    used 2572K, capacity 2661K, committed 2688K, reserved 1048576K
}

